mode: set
github.com/zealot/managing-up/apps/api/internal/evaluator/embedding_client.go:22.43,24.20 2 0
github.com/zealot/managing-up/apps/api/internal/evaluator/embedding_client.go:24.20,26.3 1 0
github.com/zealot/managing-up/apps/api/internal/evaluator/embedding_client.go:27.2,28.17 2 0
github.com/zealot/managing-up/apps/api/internal/evaluator/embedding_client.go:28.17,30.3 1 0
github.com/zealot/managing-up/apps/api/internal/evaluator/embedding_client.go:31.2,36.3 1 0
github.com/zealot/managing-up/apps/api/internal/evaluator/embedding_client.go:46.81,48.2 1 0
github.com/zealot/managing-up/apps/api/internal/evaluator/embedding_client.go:50.103,57.2 1 0
github.com/zealot/managing-up/apps/api/internal/evaluator/embedding_client.go:59.59,62.2 2 0
github.com/zealot/managing-up/apps/api/internal/evaluator/embedding_client.go:86.106,87.38 1 0
github.com/zealot/managing-up/apps/api/internal/evaluator/embedding_client.go:87.38,89.3 1 0
github.com/zealot/managing-up/apps/api/internal/evaluator/embedding_client.go:91.2,94.20 3 0
github.com/zealot/managing-up/apps/api/internal/evaluator/embedding_client.go:95.16,97.22 2 0
github.com/zealot/managing-up/apps/api/internal/evaluator/embedding_client.go:97.22,99.4 1 0
github.com/zealot/managing-up/apps/api/internal/evaluator/embedding_client.go:100.3,103.4 1 0
github.com/zealot/managing-up/apps/api/internal/evaluator/embedding_client.go:104.10,109.4 2 0
github.com/zealot/managing-up/apps/api/internal/evaluator/embedding_client.go:112.2,113.16 2 0
github.com/zealot/managing-up/apps/api/internal/evaluator/embedding_client.go:113.16,115.3 1 0
github.com/zealot/managing-up/apps/api/internal/evaluator/embedding_client.go:117.2,118.16 2 0
github.com/zealot/managing-up/apps/api/internal/evaluator/embedding_client.go:118.16,120.3 1 0
github.com/zealot/managing-up/apps/api/internal/evaluator/embedding_client.go:121.2,122.20 2 0
github.com/zealot/managing-up/apps/api/internal/evaluator/embedding_client.go:122.20,124.3 1 0
github.com/zealot/managing-up/apps/api/internal/evaluator/embedding_client.go:126.2,128.16 3 0
github.com/zealot/managing-up/apps/api/internal/evaluator/embedding_client.go:128.16,130.3 1 0
github.com/zealot/managing-up/apps/api/internal/evaluator/embedding_client.go:131.2,133.38 2 0
github.com/zealot/managing-up/apps/api/internal/evaluator/embedding_client.go:133.38,135.3 1 0
github.com/zealot/managing-up/apps/api/internal/evaluator/embedding_client.go:137.2,137.20 1 0
github.com/zealot/managing-up/apps/api/internal/evaluator/embedding_client.go:138.16,140.69 2 0
github.com/zealot/managing-up/apps/api/internal/evaluator/embedding_client.go:140.69,142.4 1 0
github.com/zealot/managing-up/apps/api/internal/evaluator/embedding_client.go:143.3,143.45 1 0
github.com/zealot/managing-up/apps/api/internal/evaluator/embedding_client.go:144.10,146.69 2 0
github.com/zealot/managing-up/apps/api/internal/evaluator/embedding_client.go:146.69,148.4 1 0
github.com/zealot/managing-up/apps/api/internal/evaluator/embedding_client.go:149.3,150.34 2 0
github.com/zealot/managing-up/apps/api/internal/evaluator/embedding_client.go:150.34,152.4 1 0
github.com/zealot/managing-up/apps/api/internal/evaluator/embedding_client.go:153.3,153.21 1 0
github.com/zealot/managing-up/apps/api/internal/evaluator/judge_prompts.go:117.50,120.2 2 1
github.com/zealot/managing-up/apps/api/internal/evaluator/judge_prompts.go:123.86,125.9 2 1
github.com/zealot/managing-up/apps/api/internal/evaluator/judge_prompts.go:125.9,127.3 1 1
github.com/zealot/managing-up/apps/api/internal/evaluator/judge_prompts.go:130.2,135.22 5 1
github.com/zealot/managing-up/apps/api/internal/evaluator/judge_prompts.go:139.81,147.2 1 0
github.com/zealot/managing-up/apps/api/internal/evaluator/judge_prompts.go:150.59,151.89 1 0
github.com/zealot/managing-up/apps/api/internal/evaluator/judge_prompts.go:151.89,153.3 1 0
github.com/zealot/managing-up/apps/api/internal/evaluator/judge_prompts.go:157.72,158.89 1 0
github.com/zealot/managing-up/apps/api/internal/evaluator/judge_prompts.go:158.89,160.3 1 0
github.com/zealot/managing-up/apps/api/internal/evaluator/judge_prompts.go:164.64,165.89 1 0
github.com/zealot/managing-up/apps/api/internal/evaluator/judge_prompts.go:165.89,167.3 1 0
github.com/zealot/managing-up/apps/api/internal/evaluator/judge_prompts.go:171.66,172.89 1 0
github.com/zealot/managing-up/apps/api/internal/evaluator/judge_prompts.go:172.89,174.3 1 0
github.com/zealot/managing-up/apps/api/internal/evaluator/judge_prompts.go:178.57,179.89 1 0
github.com/zealot/managing-up/apps/api/internal/evaluator/judge_prompts.go:179.89,181.3 1 0
github.com/zealot/managing-up/apps/api/internal/evaluator/judge_prompts.go:185.131,193.16 5 0
github.com/zealot/managing-up/apps/api/internal/evaluator/judge_prompts.go:193.16,195.3 1 0
github.com/zealot/managing-up/apps/api/internal/evaluator/judge_prompts.go:198.2,204.16 3 0
github.com/zealot/managing-up/apps/api/internal/evaluator/judge_prompts.go:204.16,206.3 1 0
github.com/zealot/managing-up/apps/api/internal/evaluator/judge_prompts.go:209.2,210.16 2 0
github.com/zealot/managing-up/apps/api/internal/evaluator/judge_prompts.go:210.16,212.3 1 0
github.com/zealot/managing-up/apps/api/internal/evaluator/judge_prompts.go:214.2,214.19 1 0
github.com/zealot/managing-up/apps/api/internal/evaluator/judge_prompts.go:218.62,227.22 4 1
github.com/zealot/managing-up/apps/api/internal/evaluator/judge_prompts.go:227.22,229.3 1 1
github.com/zealot/managing-up/apps/api/internal/evaluator/judge_prompts.go:231.2,232.64 2 1
github.com/zealot/managing-up/apps/api/internal/evaluator/judge_prompts.go:232.64,234.3 1 0
github.com/zealot/managing-up/apps/api/internal/evaluator/judge_prompts.go:237.2,237.15 1 1
github.com/zealot/managing-up/apps/api/internal/evaluator/judge_prompts.go:237.15,239.3 1 1
github.com/zealot/managing-up/apps/api/internal/evaluator/judge_prompts.go:240.2,240.15 1 1
github.com/zealot/managing-up/apps/api/internal/evaluator/judge_prompts.go:240.15,242.3 1 1
github.com/zealot/managing-up/apps/api/internal/evaluator/judge_prompts.go:244.2,244.19 1 1
github.com/zealot/managing-up/apps/api/internal/evaluator/metric.go:11.36,13.31 2 1
github.com/zealot/managing-up/apps/api/internal/evaluator/metric.go:13.31,15.3 1 1
github.com/zealot/managing-up/apps/api/internal/evaluator/metric.go:16.2,16.14 1 1
github.com/zealot/managing-up/apps/api/internal/evaluator/metric.go:31.45,33.2 1 0
github.com/zealot/managing-up/apps/api/internal/evaluator/metric.go:35.113,47.2 3 0
github.com/zealot/managing-up/apps/api/internal/evaluator/metric.go:53.85,55.2 1 0
github.com/zealot/managing-up/apps/api/internal/evaluator/metric.go:57.53,59.2 1 0
github.com/zealot/managing-up/apps/api/internal/evaluator/metric.go:61.121,65.18 3 0
github.com/zealot/managing-up/apps/api/internal/evaluator/metric.go:65.18,67.3 1 0
github.com/zealot/managing-up/apps/api/internal/evaluator/metric.go:69.2,79.8 3 0
github.com/zealot/managing-up/apps/api/internal/evaluator/metric.go:89.111,92.17 3 0
github.com/zealot/managing-up/apps/api/internal/evaluator/metric.go:92.17,94.3 1 0
github.com/zealot/managing-up/apps/api/internal/evaluator/metric.go:95.2,99.3 1 0
github.com/zealot/managing-up/apps/api/internal/evaluator/metric.go:102.54,104.2 1 0
github.com/zealot/managing-up/apps/api/internal/evaluator/metric.go:106.122,109.18 3 0
github.com/zealot/managing-up/apps/api/internal/evaluator/metric.go:109.18,111.3 1 0
github.com/zealot/managing-up/apps/api/internal/evaluator/metric.go:114.2,114.21 1 0
github.com/zealot/managing-up/apps/api/internal/evaluator/metric.go:114.21,124.3 2 0
github.com/zealot/managing-up/apps/api/internal/evaluator/metric.go:127.2,128.16 2 0
github.com/zealot/managing-up/apps/api/internal/evaluator/metric.go:128.16,130.3 1 0
github.com/zealot/managing-up/apps/api/internal/evaluator/metric.go:131.2,132.16 2 0
github.com/zealot/managing-up/apps/api/internal/evaluator/metric.go:132.16,134.3 1 0
github.com/zealot/managing-up/apps/api/internal/evaluator/metric.go:136.2,144.8 2 0
github.com/zealot/managing-up/apps/api/internal/evaluator/metric.go:147.106,148.21 1 0
github.com/zealot/managing-up/apps/api/internal/evaluator/metric.go:148.21,150.3 1 0
github.com/zealot/managing-up/apps/api/internal/evaluator/metric.go:152.2,153.37 2 0
github.com/zealot/managing-up/apps/api/internal/evaluator/metric.go:153.37,155.3 1 0
github.com/zealot/managing-up/apps/api/internal/evaluator/metric.go:156.2,156.24 1 0
github.com/zealot/managing-up/apps/api/internal/evaluator/metric.go:163.76,165.2 1 0
github.com/zealot/managing-up/apps/api/internal/evaluator/metric.go:167.45,169.2 1 0
github.com/zealot/managing-up/apps/api/internal/evaluator/metric.go:171.113,173.16 2 0
github.com/zealot/managing-up/apps/api/internal/evaluator/metric.go:173.16,175.3 1 0
github.com/zealot/managing-up/apps/api/internal/evaluator/metric.go:176.2,176.83 1 0
github.com/zealot/managing-up/apps/api/internal/evaluator/metric.go:185.48,189.2 1 0
github.com/zealot/managing-up/apps/api/internal/evaluator/metric.go:191.65,193.2 1 0
github.com/zealot/managing-up/apps/api/internal/evaluator/metric.go:195.70,198.2 2 0
github.com/zealot/managing-up/apps/api/internal/evaluator/metric.go:200.54,202.33 2 0
github.com/zealot/managing-up/apps/api/internal/evaluator/metric.go:202.33,204.3 1 0
github.com/zealot/managing-up/apps/api/internal/evaluator/metric.go:205.2,205.19 1 0
github.com/zealot/managing-up/apps/api/internal/evaluator/metric.go:212.63,214.2 1 0
github.com/zealot/managing-up/apps/api/internal/evaluator/metric.go:216.68,218.9 2 0
github.com/zealot/managing-up/apps/api/internal/evaluator/metric.go:218.9,220.3 1 0
github.com/zealot/managing-up/apps/api/internal/evaluator/metric.go:221.2,221.18 1 0
github.com/zealot/managing-up/apps/api/internal/evaluator/metric.go:224.155,227.16 3 0
github.com/zealot/managing-up/apps/api/internal/evaluator/metric.go:227.16,229.3 1 0
github.com/zealot/managing-up/apps/api/internal/evaluator/metric.go:231.2,232.40 2 0
github.com/zealot/managing-up/apps/api/internal/evaluator/metric.go:232.40,234.10 2 0
github.com/zealot/managing-up/apps/api/internal/evaluator/metric.go:234.10,235.12 1 0
github.com/zealot/managing-up/apps/api/internal/evaluator/metric.go:237.3,238.17 2 0
github.com/zealot/managing-up/apps/api/internal/evaluator/metric.go:238.17,239.12 1 0
github.com/zealot/managing-up/apps/api/internal/evaluator/metric.go:241.3,241.35 1 0
github.com/zealot/managing-up/apps/api/internal/evaluator/metric.go:244.2,244.37 1 0
github.com/zealot/managing-up/apps/api/internal/evaluator/metric.go:247.34,248.7 1 0
github.com/zealot/managing-up/apps/api/internal/evaluator/metric.go:248.7,250.3 1 0
github.com/zealot/managing-up/apps/api/internal/evaluator/metric.go:251.2,251.12 1 0
github.com/zealot/managing-up/apps/api/internal/evaluator/metric.go:254.47,255.32 1 0
github.com/zealot/managing-up/apps/api/internal/evaluator/metric.go:255.32,257.3 1 0
github.com/zealot/managing-up/apps/api/internal/evaluator/metric.go:258.2,258.22 1 0
github.com/zealot/managing-up/apps/api/internal/evaluator/metric.go:258.22,260.3 1 0
github.com/zealot/managing-up/apps/api/internal/evaluator/metric.go:261.2,262.19 2 0
github.com/zealot/managing-up/apps/api/internal/evaluator/metric.go:262.19,266.3 3 0
github.com/zealot/managing-up/apps/api/internal/evaluator/metric.go:267.2,267.30 1 0
github.com/zealot/managing-up/apps/api/internal/evaluator/metric.go:267.30,269.3 1 0
github.com/zealot/managing-up/apps/api/internal/evaluator/metric.go:270.2,270.52 1 0
github.com/zealot/managing-up/apps/api/internal/evaluator/metric.go:273.55,274.14 1 0
github.com/zealot/managing-up/apps/api/internal/evaluator/metric.go:274.14,276.3 1 0
github.com/zealot/managing-up/apps/api/internal/evaluator/metric.go:277.2,277.26 1 0
github.com/zealot/managing-up/apps/api/internal/evaluator/metric.go:277.26,279.3 1 0
github.com/zealot/managing-up/apps/api/internal/evaluator/metric.go:281.2,284.42 3 0
github.com/zealot/managing-up/apps/api/internal/evaluator/metric.go:284.42,286.3 1 0
github.com/zealot/managing-up/apps/api/internal/evaluator/metric.go:288.2,289.24 2 0
github.com/zealot/managing-up/apps/api/internal/evaluator/metric.go:289.24,290.16 1 0
github.com/zealot/managing-up/apps/api/internal/evaluator/metric.go:290.16,292.4 1 0
github.com/zealot/managing-up/apps/api/internal/evaluator/metric.go:295.2,298.70 3 0
github.com/zealot/managing-up/apps/api/internal/evaluator/metric.go:301.40,304.22 3 0
github.com/zealot/managing-up/apps/api/internal/evaluator/metric.go:304.22,305.65 1 0
github.com/zealot/managing-up/apps/api/internal/evaluator/metric.go:305.65,306.21 1 0
github.com/zealot/managing-up/apps/api/internal/evaluator/metric.go:306.21,309.5 2 0
github.com/zealot/managing-up/apps/api/internal/evaluator/metric.go:310.9,312.4 1 0
github.com/zealot/managing-up/apps/api/internal/evaluator/metric.go:314.2,314.19 1 0
github.com/zealot/managing-up/apps/api/internal/evaluator/metric.go:314.19,316.3 1 0
github.com/zealot/managing-up/apps/api/internal/evaluator/metric.go:317.2,317.14 1 0
github.com/zealot/managing-up/apps/api/internal/evaluator/runner.go:68.21,76.21 6 0
github.com/zealot/managing-up/apps/api/internal/evaluator/runner.go:76.21,78.49 2 0
github.com/zealot/managing-up/apps/api/internal/evaluator/runner.go:78.49,80.4 1 0
github.com/zealot/managing-up/apps/api/internal/evaluator/runner.go:83.2,93.3 1 0
github.com/zealot/managing-up/apps/api/internal/evaluator/runner.go:96.73,98.2 1 0
github.com/zealot/managing-up/apps/api/internal/evaluator/runner.go:100.97,101.27 1 0
github.com/zealot/managing-up/apps/api/internal/evaluator/runner.go:101.27,103.3 1 0
github.com/zealot/managing-up/apps/api/internal/evaluator/runner.go:104.2,111.33 2 0
github.com/zealot/managing-up/apps/api/internal/evaluator/runner.go:114.126,116.9 2 0
github.com/zealot/managing-up/apps/api/internal/evaluator/runner.go:116.9,118.3 1 0
github.com/zealot/managing-up/apps/api/internal/evaluator/runner.go:120.2,130.16 3 0
github.com/zealot/managing-up/apps/api/internal/evaluator/runner.go:130.16,132.3 1 0
github.com/zealot/managing-up/apps/api/internal/evaluator/runner.go:134.2,173.39 2 0
github.com/zealot/managing-up/apps/api/internal/evaluator/runner.go:173.39,175.38 2 0
github.com/zealot/managing-up/apps/api/internal/evaluator/runner.go:175.38,180.5 1 0
github.com/zealot/managing-up/apps/api/internal/evaluator/runner.go:181.4,181.17 1 0
github.com/zealot/managing-up/apps/api/internal/evaluator/runner.go:184.2,185.16 2 0
github.com/zealot/managing-up/apps/api/internal/evaluator/runner.go:185.16,191.3 5 0
github.com/zealot/managing-up/apps/api/internal/evaluator/runner.go:194.2,205.23 3 0
github.com/zealot/managing-up/apps/api/internal/evaluator/runner.go:206.30,207.28 1 0
github.com/zealot/managing-up/apps/api/internal/evaluator/runner.go:208.27,209.25 1 0
github.com/zealot/managing-up/apps/api/internal/evaluator/runner.go:210.28,211.26 1 0
github.com/zealot/managing-up/apps/api/internal/evaluator/runner.go:212.37,213.37 1 0
github.com/zealot/managing-up/apps/api/internal/evaluator/runner.go:214.10,215.30 1 0
github.com/zealot/managing-up/apps/api/internal/evaluator/runner.go:218.2,221.36 2 0
github.com/zealot/managing-up/apps/api/internal/evaluator/runner.go:221.36,222.23 1 0
github.com/zealot/managing-up/apps/api/internal/evaluator/runner.go:222.23,228.4 1 0
github.com/zealot/managing-up/apps/api/internal/evaluator/runner.go:231.2,236.18 2 0
github.com/zealot/managing-up/apps/api/internal/evaluator/runner.go:239.122,241.9 2 0
github.com/zealot/managing-up/apps/api/internal/evaluator/runner.go:241.9,243.3 1 0
github.com/zealot/managing-up/apps/api/internal/evaluator/runner.go:245.2,246.9 2 0
github.com/zealot/managing-up/apps/api/internal/evaluator/runner.go:246.9,248.3 1 0
github.com/zealot/managing-up/apps/api/internal/evaluator/runner.go:250.2,251.9 2 0
github.com/zealot/managing-up/apps/api/internal/evaluator/runner.go:251.9,253.3 1 0
github.com/zealot/managing-up/apps/api/internal/evaluator/runner.go:255.2,256.9 2 0
github.com/zealot/managing-up/apps/api/internal/evaluator/runner.go:256.9,258.3 1 0
github.com/zealot/managing-up/apps/api/internal/evaluator/runner.go:260.2,261.36 2 0
github.com/zealot/managing-up/apps/api/internal/evaluator/runner.go:261.36,263.30 2 0
github.com/zealot/managing-up/apps/api/internal/evaluator/runner.go:263.30,264.64 1 0
github.com/zealot/managing-up/apps/api/internal/evaluator/runner.go:264.64,266.10 2 0
github.com/zealot/managing-up/apps/api/internal/evaluator/runner.go:269.3,269.12 1 0
github.com/zealot/managing-up/apps/api/internal/evaluator/runner.go:269.12,271.9 2 0
github.com/zealot/managing-up/apps/api/internal/evaluator/runner.go:274.2,274.20 1 0
github.com/zealot/managing-up/apps/api/internal/evaluator/runner.go:274.20,276.3 1 0
github.com/zealot/managing-up/apps/api/internal/evaluator/runner.go:277.2,278.16 2 0
github.com/zealot/managing-up/apps/api/internal/evaluator/runner.go:278.16,280.3 1 0
github.com/zealot/managing-up/apps/api/internal/evaluator/runner.go:282.2,296.58 3 0
github.com/zealot/managing-up/apps/api/internal/evaluator/runner.go:296.58,298.3 1 0
github.com/zealot/managing-up/apps/api/internal/evaluator/runner.go:300.2,300.18 1 0
github.com/zealot/managing-up/apps/api/internal/evaluator/runner.go:304.58,306.16 2 0
github.com/zealot/managing-up/apps/api/internal/evaluator/runner.go:306.16,308.3 1 0
github.com/zealot/managing-up/apps/api/internal/evaluator/runner.go:310.2,312.36 2 0
github.com/zealot/managing-up/apps/api/internal/evaluator/runner.go:312.36,314.3 1 0
github.com/zealot/managing-up/apps/api/internal/evaluator/runner.go:316.2,317.16 2 0
github.com/zealot/managing-up/apps/api/internal/evaluator/runner.go:317.16,319.3 1 0
github.com/zealot/managing-up/apps/api/internal/evaluator/runner.go:320.2,320.20 1 0
github.com/zealot/managing-up/apps/api/internal/evaluator/runner.go:324.100,326.16 2 0
github.com/zealot/managing-up/apps/api/internal/evaluator/runner.go:326.16,328.3 1 0
github.com/zealot/managing-up/apps/api/internal/evaluator/runner.go:331.2,343.16 5 0
github.com/zealot/managing-up/apps/api/internal/evaluator/runner.go:343.16,345.3 1 0
github.com/zealot/managing-up/apps/api/internal/evaluator/runner.go:347.2,353.20 2 0
github.com/zealot/managing-up/apps/api/internal/evaluator/runner.go:357.66,360.26 2 0
github.com/zealot/managing-up/apps/api/internal/evaluator/runner.go:360.26,362.3 1 0
github.com/zealot/managing-up/apps/api/internal/evaluator/runner.go:363.2,368.29 3 0
github.com/zealot/managing-up/apps/api/internal/evaluator/runner.go:368.29,369.37 1 0
github.com/zealot/managing-up/apps/api/internal/evaluator/runner.go:369.37,370.63 1 0
github.com/zealot/managing-up/apps/api/internal/evaluator/runner.go:370.63,372.10 2 0
github.com/zealot/managing-up/apps/api/internal/evaluator/runner.go:374.4,374.14 1 0
github.com/zealot/managing-up/apps/api/internal/evaluator/runner.go:374.14,376.5 1 0
github.com/zealot/managing-up/apps/api/internal/evaluator/runner.go:380.2,381.15 2 0
github.com/zealot/managing-up/apps/api/internal/evaluator/runner.go:384.39,385.21 1 0
github.com/zealot/managing-up/apps/api/internal/evaluator/runner.go:385.21,387.3 1 0
github.com/zealot/managing-up/apps/api/internal/evaluator/runner.go:388.2,389.30 2 0
github.com/zealot/managing-up/apps/api/internal/evaluator/runner.go:389.30,391.3 1 0
github.com/zealot/managing-up/apps/api/internal/evaluator/runner.go:392.2,392.15 1 0
github.com/zealot/managing-up/apps/api/internal/engine/context_truncator.go:14.80,19.2 1 1
github.com/zealot/managing-up/apps/api/internal/engine/context_truncator.go:21.91,25.30 3 1
github.com/zealot/managing-up/apps/api/internal/engine/context_truncator.go:25.30,27.3 1 1
github.com/zealot/managing-up/apps/api/internal/engine/context_truncator.go:29.2,30.29 2 0
github.com/zealot/managing-up/apps/api/internal/engine/context_truncator.go:33.104,39.31 4 0
github.com/zealot/managing-up/apps/api/internal/engine/context_truncator.go:39.31,40.27 1 0
github.com/zealot/managing-up/apps/api/internal/engine/context_truncator.go:40.27,42.4 1 0
github.com/zealot/managing-up/apps/api/internal/engine/context_truncator.go:42.9,44.4 1 0
github.com/zealot/managing-up/apps/api/internal/engine/context_truncator.go:47.2,48.29 2 0
github.com/zealot/managing-up/apps/api/internal/engine/context_truncator.go:48.29,51.3 2 0
github.com/zealot/managing-up/apps/api/internal/engine/context_truncator.go:53.2,53.47 1 0
github.com/zealot/managing-up/apps/api/internal/engine/context_truncator.go:53.47,57.43 3 0
github.com/zealot/managing-up/apps/api/internal/engine/context_truncator.go:57.43,61.4 3 0
github.com/zealot/managing-up/apps/api/internal/engine/context_truncator.go:61.9,62.9 1 0
github.com/zealot/managing-up/apps/api/internal/engine/context_truncator.go:66.2,66.22 1 0
github.com/zealot/managing-up/apps/api/internal/engine/context_truncator.go:66.22,67.54 1 0
github.com/zealot/managing-up/apps/api/internal/engine/context_truncator.go:67.54,68.9 1 0
github.com/zealot/managing-up/apps/api/internal/engine/context_truncator.go:70.3,70.22 1 0
github.com/zealot/managing-up/apps/api/internal/engine/context_truncator.go:73.2,73.20 1 0
github.com/zealot/managing-up/apps/api/internal/engine/context_truncator.go:76.73,80.2 3 1
github.com/zealot/managing-up/apps/api/internal/engine/context_truncator.go:82.123,83.38 1 0
github.com/zealot/managing-up/apps/api/internal/engine/context_truncator.go:83.38,85.3 1 0
github.com/zealot/managing-up/apps/api/internal/engine/context_truncator.go:87.2,91.31 4 0
github.com/zealot/managing-up/apps/api/internal/engine/context_truncator.go:91.31,92.27 1 0
github.com/zealot/managing-up/apps/api/internal/engine/context_truncator.go:92.27,94.4 1 0
github.com/zealot/managing-up/apps/api/internal/engine/context_truncator.go:94.9,94.33 1 0
github.com/zealot/managing-up/apps/api/internal/engine/context_truncator.go:94.33,96.4 1 0
github.com/zealot/managing-up/apps/api/internal/engine/context_truncator.go:96.9,98.4 1 0
github.com/zealot/managing-up/apps/api/internal/engine/context_truncator.go:101.2,102.16 2 0
github.com/zealot/managing-up/apps/api/internal/engine/context_truncator.go:102.16,104.3 1 0
github.com/zealot/managing-up/apps/api/internal/engine/context_truncator.go:106.2,113.20 4 0
github.com/zealot/managing-up/apps/api/internal/engine/engine.go:27.85,35.2 1 1
github.com/zealot/managing-up/apps/api/internal/engine/engine.go:37.116,45.2 1 0
github.com/zealot/managing-up/apps/api/internal/engine/engine.go:47.78,51.9 3 1
github.com/zealot/managing-up/apps/api/internal/engine/engine.go:51.9,53.3 1 1
github.com/zealot/managing-up/apps/api/internal/engine/engine.go:55.2,66.9 4 1
github.com/zealot/managing-up/apps/api/internal/engine/engine.go:66.9,68.3 1 1
github.com/zealot/managing-up/apps/api/internal/engine/engine.go:70.2,71.16 2 1
github.com/zealot/managing-up/apps/api/internal/engine/engine.go:71.16,73.3 1 1
github.com/zealot/managing-up/apps/api/internal/engine/engine.go:75.2,75.57 1 1
github.com/zealot/managing-up/apps/api/internal/engine/engine.go:75.57,77.3 1 0
github.com/zealot/managing-up/apps/api/internal/engine/engine.go:79.2,80.21 2 1
github.com/zealot/managing-up/apps/api/internal/engine/engine.go:80.21,82.3 1 0
github.com/zealot/managing-up/apps/api/internal/engine/engine.go:84.2,84.47 1 1
github.com/zealot/managing-up/apps/api/internal/engine/engine.go:84.47,87.10 2 1
github.com/zealot/managing-up/apps/api/internal/engine/engine.go:88.21,89.59 1 0
github.com/zealot/managing-up/apps/api/internal/engine/engine.go:90.11,90.11 0 1
github.com/zealot/managing-up/apps/api/internal/engine/engine.go:93.3,93.20 1 1
github.com/zealot/managing-up/apps/api/internal/engine/engine.go:94.15,95.98 1 1
github.com/zealot/managing-up/apps/api/internal/engine/engine.go:95.98,96.82 1 0
github.com/zealot/managing-up/apps/api/internal/engine/engine.go:96.82,98.14 2 0
github.com/zealot/managing-up/apps/api/internal/engine/engine.go:100.5,100.15 1 0
github.com/zealot/managing-up/apps/api/internal/engine/engine.go:102.19,103.71 1 0
github.com/zealot/managing-up/apps/api/internal/engine/engine.go:103.71,105.5 1 0
github.com/zealot/managing-up/apps/api/internal/engine/engine.go:106.4,106.14 1 0
github.com/zealot/managing-up/apps/api/internal/engine/engine.go:107.20,108.68 1 0
github.com/zealot/managing-up/apps/api/internal/engine/engine.go:112.2,112.40 1 1
github.com/zealot/managing-up/apps/api/internal/engine/engine.go:115.81,119.9 3 0
github.com/zealot/managing-up/apps/api/internal/engine/engine.go:119.9,121.3 1 0
github.com/zealot/managing-up/apps/api/internal/engine/engine.go:123.2,123.77 1 0
github.com/zealot/managing-up/apps/api/internal/engine/engine.go:123.77,125.3 1 0
github.com/zealot/managing-up/apps/api/internal/engine/engine.go:127.2,127.32 1 0
github.com/zealot/managing-up/apps/api/internal/engine/engine.go:130.143,132.19 2 1
github.com/zealot/managing-up/apps/api/internal/engine/engine.go:132.19,134.3 1 0
github.com/zealot/managing-up/apps/api/internal/engine/engine.go:136.2,137.18 2 1
github.com/zealot/managing-up/apps/api/internal/engine/engine.go:137.18,139.3 1 1
github.com/zealot/managing-up/apps/api/internal/engine/engine.go:141.2,143.29 3 1
github.com/zealot/managing-up/apps/api/internal/engine/engine.go:143.29,146.23 3 0
github.com/zealot/managing-up/apps/api/internal/engine/engine.go:146.23,148.4 1 0
github.com/zealot/managing-up/apps/api/internal/engine/engine.go:151.2,180.30 7 1
github.com/zealot/managing-up/apps/api/internal/engine/engine.go:180.30,182.3 1 1
github.com/zealot/managing-up/apps/api/internal/engine/engine.go:184.2,195.21 4 1
github.com/zealot/managing-up/apps/api/internal/engine/engine.go:195.21,197.3 1 0
github.com/zealot/managing-up/apps/api/internal/engine/engine.go:197.8,199.3 1 1
github.com/zealot/managing-up/apps/api/internal/engine/engine.go:201.2,204.16 3 1
github.com/zealot/managing-up/apps/api/internal/engine/engine.go:204.16,226.3 3 0
github.com/zealot/managing-up/apps/api/internal/engine/engine.go:228.2,228.34 1 1
github.com/zealot/managing-up/apps/api/internal/engine/engine.go:228.34,250.3 3 0
github.com/zealot/managing-up/apps/api/internal/engine/engine.go:252.2,275.12 4 1
github.com/zealot/managing-up/apps/api/internal/engine/engine.go:278.104,295.2 4 0
github.com/zealot/managing-up/apps/api/internal/engine/engine.go:297.70,309.2 5 1
github.com/zealot/managing-up/apps/api/internal/engine/engine.go:311.86,327.2 5 1
github.com/zealot/managing-up/apps/api/internal/engine/engine.go:329.84,330.99 1 1
github.com/zealot/managing-up/apps/api/internal/engine/engine.go:330.99,332.3 1 1
github.com/zealot/managing-up/apps/api/internal/engine/engine.go:333.2,333.34 1 0
github.com/zealot/managing-up/apps/api/internal/engine/engine.go:333.34,334.31 1 0
github.com/zealot/managing-up/apps/api/internal/engine/engine.go:334.31,336.4 1 0
github.com/zealot/managing-up/apps/api/internal/engine/engine.go:338.2,338.10 1 0
github.com/zealot/managing-up/apps/api/internal/engine/engine.go:341.107,342.31 1 1
github.com/zealot/managing-up/apps/api/internal/engine/engine.go:342.31,344.27 2 0
github.com/zealot/managing-up/apps/api/internal/engine/engine.go:344.27,345.42 1 0
github.com/zealot/managing-up/apps/api/internal/engine/engine.go:345.42,347.5 1 0
github.com/zealot/managing-up/apps/api/internal/engine/engine.go:350.2,350.14 1 1
github.com/zealot/managing-up/apps/api/internal/engine/errors.go:11.39,12.43 1 0
github.com/zealot/managing-up/apps/api/internal/engine/errors.go:12.43,14.3 1 0
github.com/zealot/managing-up/apps/api/internal/engine/errors.go:15.2,15.25 1 0
github.com/zealot/managing-up/apps/api/internal/engine/errors.go:15.25,17.3 1 0
github.com/zealot/managing-up/apps/api/internal/engine/errors.go:18.2,18.48 1 0
github.com/zealot/managing-up/apps/api/internal/engine/errors.go:21.39,23.2 1 1
github.com/zealot/managing-up/apps/api/internal/engine/errors.go:25.72,27.2 1 1
github.com/zealot/managing-up/apps/api/internal/engine/errors.go:29.59,31.2 1 0
github.com/zealot/managing-up/apps/api/internal/engine/parser.go:11.44,13.2 1 1
github.com/zealot/managing-up/apps/api/internal/engine/parser.go:15.61,16.23 1 1
github.com/zealot/managing-up/apps/api/internal/engine/parser.go:16.23,18.3 1 1
github.com/zealot/managing-up/apps/api/internal/engine/parser.go:20.2,21.67 2 1
github.com/zealot/managing-up/apps/api/internal/engine/parser.go:21.67,23.3 1 1
github.com/zealot/managing-up/apps/api/internal/engine/parser.go:25.2,25.21 1 1
github.com/zealot/managing-up/apps/api/internal/engine/parser.go:25.21,27.3 1 1
github.com/zealot/managing-up/apps/api/internal/engine/parser.go:28.2,28.24 1 1
github.com/zealot/managing-up/apps/api/internal/engine/parser.go:28.24,30.3 1 1
github.com/zealot/managing-up/apps/api/internal/engine/parser.go:31.2,31.26 1 1
github.com/zealot/managing-up/apps/api/internal/engine/parser.go:31.26,33.3 1 1
github.com/zealot/managing-up/apps/api/internal/engine/parser.go:35.2,35.34 1 1
github.com/zealot/managing-up/apps/api/internal/engine/parser.go:35.34,36.20 1 1
github.com/zealot/managing-up/apps/api/internal/engine/parser.go:36.20,38.4 1 0
github.com/zealot/managing-up/apps/api/internal/engine/parser.go:39.3,39.22 1 1
github.com/zealot/managing-up/apps/api/internal/engine/parser.go:39.22,41.4 1 0
github.com/zealot/managing-up/apps/api/internal/engine/parser.go:42.3,42.48 1 1
github.com/zealot/managing-up/apps/api/internal/engine/parser.go:42.48,44.4 1 0
github.com/zealot/managing-up/apps/api/internal/engine/parser.go:45.3,45.58 1 1
github.com/zealot/managing-up/apps/api/internal/engine/parser.go:45.58,47.4 1 0
github.com/zealot/managing-up/apps/api/internal/engine/parser.go:50.2,50.19 1 1
github.com/zealot/managing-up/apps/api/internal/engine/parser.go:53.73,55.2 1 1
github.com/zealot/managing-up/apps/api/internal/engine/parser.go:57.68,59.34 2 1
github.com/zealot/managing-up/apps/api/internal/engine/parser.go:59.34,60.23 1 1
github.com/zealot/managing-up/apps/api/internal/engine/parser.go:60.23,62.4 1 1
github.com/zealot/managing-up/apps/api/internal/engine/parser.go:63.3,63.26 1 1
github.com/zealot/managing-up/apps/api/internal/engine/parser.go:65.2,65.12 1 1
github.com/zealot/managing-up/apps/api/internal/engine/replay.go:40.56,42.2 1 0
github.com/zealot/managing-up/apps/api/internal/engine/replay.go:44.46,47.2 2 0
github.com/zealot/managing-up/apps/api/internal/engine/replay.go:49.50,50.12 1 0
github.com/zealot/managing-up/apps/api/internal/engine/replay.go:50.12,52.3 1 0
github.com/zealot/managing-up/apps/api/internal/engine/replay.go:53.2,53.26 1 0
github.com/zealot/managing-up/apps/api/internal/engine/replay.go:68.57,73.2 1 0
github.com/zealot/managing-up/apps/api/internal/engine/replay.go:75.155,77.16 2 0
github.com/zealot/managing-up/apps/api/internal/engine/replay.go:77.16,79.3 1 0
github.com/zealot/managing-up/apps/api/internal/engine/replay.go:81.2,82.16 2 0
github.com/zealot/managing-up/apps/api/internal/engine/replay.go:82.16,84.3 1 0
github.com/zealot/managing-up/apps/api/internal/engine/replay.go:86.2,87.16 2 0
github.com/zealot/managing-up/apps/api/internal/engine/replay.go:87.16,89.3 1 0
github.com/zealot/managing-up/apps/api/internal/engine/replay.go:91.2,102.55 2 0
github.com/zealot/managing-up/apps/api/internal/engine/replay.go:102.55,104.3 1 0
github.com/zealot/managing-up/apps/api/internal/engine/replay.go:106.2,106.22 1 0
github.com/zealot/managing-up/apps/api/internal/engine/replay.go:109.92,111.9 2 0
github.com/zealot/managing-up/apps/api/internal/engine/replay.go:111.9,113.3 1 0
github.com/zealot/managing-up/apps/api/internal/engine/replay.go:115.2,116.71 2 0
github.com/zealot/managing-up/apps/api/internal/engine/replay.go:116.71,118.3 1 0
github.com/zealot/managing-up/apps/api/internal/engine/replay.go:120.2,122.19 2 0
github.com/zealot/managing-up/apps/api/internal/engine/replay.go:125.64,126.18 1 0
github.com/zealot/managing-up/apps/api/internal/engine/replay.go:126.18,128.3 1 0
github.com/zealot/managing-up/apps/api/internal/engine/replay.go:129.2,129.14 1 0
github.com/zealot/managing-up/apps/api/internal/engine/replay.go:132.77,133.23 1 0
github.com/zealot/managing-up/apps/api/internal/engine/replay.go:133.23,135.3 1 0
github.com/zealot/managing-up/apps/api/internal/engine/replay.go:136.2,138.21 3 0
github.com/zealot/managing-up/apps/api/internal/engine/replay.go:141.36,143.16 2 0
github.com/zealot/managing-up/apps/api/internal/engine/replay.go:143.16,145.3 1 0
github.com/zealot/managing-up/apps/api/internal/engine/replay.go:146.2,146.23 1 0
github.com/zealot/managing-up/apps/api/internal/engine/replay.go:155.101,161.2 1 0
github.com/zealot/managing-up/apps/api/internal/engine/replay.go:163.99,165.9 2 0
github.com/zealot/managing-up/apps/api/internal/engine/replay.go:165.9,167.3 1 0
github.com/zealot/managing-up/apps/api/internal/engine/replay.go:169.2,170.71 2 0
github.com/zealot/managing-up/apps/api/internal/engine/replay.go:170.71,172.3 1 0
github.com/zealot/managing-up/apps/api/internal/engine/replay.go:174.2,175.16 2 0
github.com/zealot/managing-up/apps/api/internal/engine/replay.go:175.16,177.3 1 0
github.com/zealot/managing-up/apps/api/internal/engine/replay.go:179.2,179.56 1 0
github.com/zealot/managing-up/apps/api/internal/engine/replay.go:179.56,182.10 2 0
github.com/zealot/managing-up/apps/api/internal/engine/replay.go:183.21,184.20 1 0
github.com/zealot/managing-up/apps/api/internal/engine/replay.go:185.11,185.11 0 0
github.com/zealot/managing-up/apps/api/internal/engine/replay.go:188.3,188.26 1 0
github.com/zealot/managing-up/apps/api/internal/engine/replay.go:188.26,190.32 2 0
github.com/zealot/managing-up/apps/api/internal/engine/replay.go:190.32,192.5 1 0
github.com/zealot/managing-up/apps/api/internal/engine/replay.go:194.4,203.18 3 0
github.com/zealot/managing-up/apps/api/internal/engine/replay.go:203.18,208.13 2 0
github.com/zealot/managing-up/apps/api/internal/engine/replay.go:211.4,214.6 1 0
github.com/zealot/managing-up/apps/api/internal/engine/replay.go:218.2,218.12 1 0
github.com/zealot/managing-up/apps/api/internal/engine/tokenizer.go:16.73,18.2 1 0
github.com/zealot/managing-up/apps/api/internal/engine/tokenizer.go:20.64,22.2 1 0
github.com/zealot/managing-up/apps/api/internal/engine/tokenizer.go:24.66,26.2 1 0
github.com/zealot/managing-up/apps/api/internal/engine/tokenizer.go:28.52,29.16 1 0
github.com/zealot/managing-up/apps/api/internal/engine/tokenizer.go:29.16,31.3 1 0
github.com/zealot/managing-up/apps/api/internal/engine/tokenizer.go:32.2,32.28 1 0
github.com/zealot/managing-up/apps/api/internal/engine/tokenizer.go:35.67,37.31 2 0
github.com/zealot/managing-up/apps/api/internal/engine/tokenizer.go:37.31,40.3 2 0
github.com/zealot/managing-up/apps/api/internal/engine/tokenizer.go:41.2,41.23 1 0
github.com/zealot/managing-up/apps/api/internal/engine/tokenizer.go:41.23,43.3 1 0
github.com/zealot/managing-up/apps/api/internal/engine/tokenizer.go:44.2,44.14 1 0
github.com/zealot/managing-up/apps/api/internal/engine/tokenizer.go:51.40,53.2 1 1
github.com/zealot/managing-up/apps/api/internal/engine/tokenizer.go:55.66,56.24 1 0
github.com/zealot/managing-up/apps/api/internal/engine/tokenizer.go:56.24,58.3 1 0
github.com/zealot/managing-up/apps/api/internal/engine/tokenizer.go:59.2,59.53 1 0
github.com/zealot/managing-up/apps/api/internal/engine/tokenizer.go:62.60,64.2 1 0
github.com/zealot/managing-up/apps/api/internal/engine/tokenizer.go:66.62,68.2 1 0
github.com/zealot/managing-up/apps/api/internal/engine/tokenizer.go:70.48,71.16 1 1
github.com/zealot/managing-up/apps/api/internal/engine/tokenizer.go:71.16,73.3 1 1
github.com/zealot/managing-up/apps/api/internal/engine/tokenizer.go:74.2,74.60 1 1
github.com/zealot/managing-up/apps/api/internal/engine/tokenizer.go:77.63,79.31 2 1
github.com/zealot/managing-up/apps/api/internal/engine/tokenizer.go:79.31,82.3 2 1
github.com/zealot/managing-up/apps/api/internal/engine/tokenizer.go:83.2,83.23 1 1
github.com/zealot/managing-up/apps/api/internal/engine/tokenizer.go:83.23,85.3 1 1
github.com/zealot/managing-up/apps/api/internal/engine/tokenizer.go:86.2,86.14 1 1
github.com/zealot/managing-up/apps/api/internal/engine/tokenizer.go:89.42,94.24 5 0
github.com/zealot/managing-up/apps/api/internal/engine/tokenizer.go:94.24,98.3 3 0
github.com/zealot/managing-up/apps/api/internal/engine/tokenizer.go:99.2,99.20 1 0
github.com/zealot/managing-up/apps/api/internal/engine/tool_gateway.go:58.36,70.2 1 1
github.com/zealot/managing-up/apps/api/internal/engine/tool_gateway.go:73.65,85.2 1 0
github.com/zealot/managing-up/apps/api/internal/engine/tool_gateway.go:88.107,92.9 2 1
github.com/zealot/managing-up/apps/api/internal/engine/tool_gateway.go:93.20,99.15 1 0
github.com/zealot/managing-up/apps/api/internal/engine/tool_gateway.go:100.10,100.10 0 1
github.com/zealot/managing-up/apps/api/internal/engine/tool_gateway.go:104.2,104.39 1 1
github.com/zealot/managing-up/apps/api/internal/engine/tool_gateway.go:104.39,111.3 1 0
github.com/zealot/managing-up/apps/api/internal/engine/tool_gateway.go:115.2,115.23 1 1
github.com/zealot/managing-up/apps/api/internal/engine/tool_gateway.go:115.23,116.10 1 1
github.com/zealot/managing-up/apps/api/internal/engine/tool_gateway.go:117.21,123.16 1 0
github.com/zealot/managing-up/apps/api/internal/engine/tool_gateway.go:124.11,130.10 1 1
github.com/zealot/managing-up/apps/api/internal/engine/tool_gateway.go:134.2,135.13 2 0
github.com/zealot/managing-up/apps/api/internal/engine/tool_gateway.go:135.13,143.3 2 0
github.com/zealot/managing-up/apps/api/internal/engine/tool_gateway.go:146.2,147.28 2 0
github.com/zealot/managing-up/apps/api/internal/engine/tool_gateway.go:147.28,151.3 3 0
github.com/zealot/managing-up/apps/api/internal/engine/tool_gateway.go:154.2,155.16 2 0
github.com/zealot/managing-up/apps/api/internal/engine/tool_gateway.go:155.16,163.3 2 0
github.com/zealot/managing-up/apps/api/internal/engine/tool_gateway.go:166.2,176.50 3 0
github.com/zealot/managing-up/apps/api/internal/engine/tool_gateway.go:176.50,177.31 1 0
github.com/zealot/managing-up/apps/api/internal/engine/tool_gateway.go:177.31,179.4 1 0
github.com/zealot/managing-up/apps/api/internal/engine/tool_gateway.go:180.8,182.3 1 0
github.com/zealot/managing-up/apps/api/internal/engine/tool_gateway.go:184.2,189.8 1 0
github.com/zealot/managing-up/apps/api/internal/engine/tool_gateway.go:193.153,197.54 3 0
github.com/zealot/managing-up/apps/api/internal/engine/tool_gateway.go:197.54,200.49 3 0
github.com/zealot/managing-up/apps/api/internal/engine/tool_gateway.go:200.49,202.4 1 0
github.com/zealot/managing-up/apps/api/internal/engine/tool_gateway.go:204.3,207.28 3 0
github.com/zealot/managing-up/apps/api/internal/engine/tool_gateway.go:207.28,208.11 1 0
github.com/zealot/managing-up/apps/api/internal/engine/tool_gateway.go:209.22,210.33 1 0
github.com/zealot/managing-up/apps/api/internal/engine/tool_gateway.go:211.67,211.67 0 0
github.com/zealot/managing-up/apps/api/internal/engine/tool_gateway.go:216.2,216.28 1 0
github.com/zealot/managing-up/apps/api/internal/engine/tool_gateway.go:220.47,221.9 1 1
github.com/zealot/managing-up/apps/api/internal/engine/tool_gateway.go:222.27,223.16 1 1
github.com/zealot/managing-up/apps/api/internal/engine/tool_gateway.go:223.16,223.27 1 1
github.com/zealot/managing-up/apps/api/internal/engine/tool_gateway.go:225.3,225.19 1 1
github.com/zealot/managing-up/apps/api/internal/engine/tool_gateway.go:226.29,227.15 1 1
github.com/zealot/managing-up/apps/api/internal/engine/tool_gateway.go:228.27,229.51 1 0
github.com/zealot/managing-up/apps/api/internal/engine/tool_gateway.go:229.51,232.5 2 0
github.com/zealot/managing-up/apps/api/internal/engine/tool_gateway.go:233.4,233.16 1 0
github.com/zealot/managing-up/apps/api/internal/engine/tool_gateway.go:234.31,235.15 1 0
github.com/zealot/managing-up/apps/api/internal/engine/tool_gateway.go:237.3,237.15 1 0
github.com/zealot/managing-up/apps/api/internal/engine/tool_gateway.go:241.43,242.9 1 0
github.com/zealot/managing-up/apps/api/internal/engine/tool_gateway.go:243.27,244.16 1 0
github.com/zealot/managing-up/apps/api/internal/engine/tool_gateway.go:244.16,244.27 1 0
github.com/zealot/managing-up/apps/api/internal/engine/tool_gateway.go:245.3,246.34 2 0
github.com/zealot/managing-up/apps/api/internal/engine/tool_gateway.go:250.43,251.9 1 0
github.com/zealot/managing-up/apps/api/internal/engine/tool_gateway.go:252.27,253.16 1 0
github.com/zealot/managing-up/apps/api/internal/engine/tool_gateway.go:253.16,253.27 1 0
github.com/zealot/managing-up/apps/api/internal/engine/tool_gateway.go:254.3,255.45 2 0
github.com/zealot/managing-up/apps/api/internal/engine/tool_gateway.go:255.45,258.4 2 0
github.com/zealot/managing-up/apps/api/internal/engine/tool_registry.go:13.38,15.2 1 0
github.com/zealot/managing-up/apps/api/internal/engine/tool_registry.go:17.59,19.26 2 0
github.com/zealot/managing-up/apps/api/internal/engine/tool_registry.go:19.26,21.3 1 0
github.com/zealot/managing-up/apps/api/internal/engine/tool_registry.go:22.2,22.10 1 0
github.com/zealot/managing-up/apps/api/internal/engine/tool_registry.go:25.41,27.2 1 0
github.com/zealot/managing-up/apps/api/internal/engine/tool_registry.go:29.54,32.2 2 0
github.com/zealot/managing-up/apps/api/internal/engine/tool_registry.go:34.41,36.28 2 0
github.com/zealot/managing-up/apps/api/internal/engine/tool_registry.go:36.28,38.3 1 0
github.com/zealot/managing-up/apps/api/internal/engine/tool_registry.go:39.2,39.14 1 0
github.com/zealot/managing-up/apps/api/internal/engine/tool_registry.go:42.55,44.28 2 0
github.com/zealot/managing-up/apps/api/internal/engine/tool_registry.go:44.28,46.3 1 0
github.com/zealot/managing-up/apps/api/internal/engine/tool_registry.go:47.2,47.34 1 0
github.com/zealot/managing-up/apps/api/internal/engine/trace.go:50.60,52.2 1 0
github.com/zealot/managing-up/apps/api/internal/engine/trace.go:54.76,55.17 1 0
github.com/zealot/managing-up/apps/api/internal/engine/trace.go:55.17,57.3 1 0
github.com/zealot/managing-up/apps/api/internal/engine/trace.go:58.2,58.32 1 0
github.com/zealot/managing-up/apps/api/internal/engine/trace.go:61.73,63.2 1 1
github.com/zealot/managing-up/apps/api/internal/engine/trace.go:69.71,71.2 1 0
github.com/zealot/managing-up/apps/api/internal/engine/trace.go:73.77,76.2 2 0
github.com/zealot/managing-up/apps/api/internal/engine/trace.go:78.44,81.2 2 0
github.com/zealot/managing-up/apps/api/internal/engine/trace.go:83.48,85.16 2 1
github.com/zealot/managing-up/apps/api/internal/engine/trace.go:85.16,87.3 1 0
github.com/zealot/managing-up/apps/api/internal/engine/trace.go:88.2,88.13 1 1
github.com/zealot/managing-up/apps/api/internal/engine/trace.go:138.31,140.2 1 1
github.com/zealot/managing-up/apps/api/internal/engine/worker.go:23.96,30.2 1 0
github.com/zealot/managing-up/apps/api/internal/engine/worker.go:32.45,37.6 4 0
github.com/zealot/managing-up/apps/api/internal/engine/worker.go:37.6,38.10 1 0
github.com/zealot/managing-up/apps/api/internal/engine/worker.go:39.21,41.10 2 0
github.com/zealot/managing-up/apps/api/internal/engine/worker.go:42.19,44.30 2 0
github.com/zealot/managing-up/apps/api/internal/engine/worker.go:49.35,51.34 2 0
github.com/zealot/managing-up/apps/api/internal/engine/worker.go:51.34,53.34 2 0
github.com/zealot/managing-up/apps/api/internal/engine/worker.go:53.34,54.70 1 0
github.com/zealot/managing-up/apps/api/internal/engine/worker.go:54.70,56.5 1 0
github.com/zealot/managing-up/apps/api/internal/engine/worker.go:61.43,63.34 2 0
github.com/zealot/managing-up/apps/api/internal/engine/worker.go:63.34,65.72 2 0
github.com/zealot/managing-up/apps/api/internal/engine/worker.go:65.72,67.4 1 0
github.com/zealot/managing-up/apps/api/internal/gateway/anthropic_messages.go:46.82,47.33 1 0
github.com/zealot/managing-up/apps/api/internal/gateway/anthropic_messages.go:47.33,50.3 2 0
github.com/zealot/managing-up/apps/api/internal/gateway/anthropic_messages.go:52.2,53.28 2 0
github.com/zealot/managing-up/apps/api/internal/gateway/anthropic_messages.go:53.28,56.3 2 0
github.com/zealot/managing-up/apps/api/internal/gateway/anthropic_messages.go:58.2,59.16 2 0
github.com/zealot/managing-up/apps/api/internal/gateway/anthropic_messages.go:59.16,62.3 2 0
github.com/zealot/managing-up/apps/api/internal/gateway/anthropic_messages.go:64.2,65.51 2 0
github.com/zealot/managing-up/apps/api/internal/gateway/anthropic_messages.go:65.51,68.3 2 0
github.com/zealot/managing-up/apps/api/internal/gateway/anthropic_messages.go:70.2,70.21 1 0
github.com/zealot/managing-up/apps/api/internal/gateway/anthropic_messages.go:70.21,73.3 2 0
github.com/zealot/managing-up/apps/api/internal/gateway/anthropic_messages.go:75.2,75.24 1 0
github.com/zealot/managing-up/apps/api/internal/gateway/anthropic_messages.go:75.24,78.3 2 0
github.com/zealot/managing-up/apps/api/internal/gateway/anthropic_messages.go:80.2,81.18 2 0
github.com/zealot/managing-up/apps/api/internal/gateway/anthropic_messages.go:81.18,83.3 1 0
github.com/zealot/managing-up/apps/api/internal/gateway/anthropic_messages.go:84.2,84.18 1 0
github.com/zealot/managing-up/apps/api/internal/gateway/anthropic_messages.go:84.18,87.3 2 0
github.com/zealot/managing-up/apps/api/internal/gateway/anthropic_messages.go:89.2,90.16 2 0
github.com/zealot/managing-up/apps/api/internal/gateway/anthropic_messages.go:90.16,93.3 2 0
github.com/zealot/managing-up/apps/api/internal/gateway/anthropic_messages.go:95.2,96.35 2 0
github.com/zealot/managing-up/apps/api/internal/gateway/anthropic_messages.go:96.35,101.3 1 0
github.com/zealot/managing-up/apps/api/internal/gateway/anthropic_messages.go:103.2,104.28 2 0
github.com/zealot/managing-up/apps/api/internal/gateway/anthropic_messages.go:104.28,106.3 1 0
github.com/zealot/managing-up/apps/api/internal/gateway/anthropic_messages.go:107.2,110.34 3 0
github.com/zealot/managing-up/apps/api/internal/gateway/anthropic_messages.go:110.34,113.23 3 0
github.com/zealot/managing-up/apps/api/internal/gateway/anthropic_messages.go:113.23,115.4 1 0
github.com/zealot/managing-up/apps/api/internal/gateway/anthropic_messages.go:116.3,116.81 1 0
github.com/zealot/managing-up/apps/api/internal/gateway/anthropic_messages.go:116.81,118.4 1 0
github.com/zealot/managing-up/apps/api/internal/gateway/anthropic_messages.go:121.2,122.16 2 0
github.com/zealot/managing-up/apps/api/internal/gateway/anthropic_messages.go:122.16,125.3 2 0
github.com/zealot/managing-up/apps/api/internal/gateway/anthropic_messages.go:127.2,128.16 2 0
github.com/zealot/managing-up/apps/api/internal/gateway/anthropic_messages.go:128.16,131.3 2 0
github.com/zealot/managing-up/apps/api/internal/gateway/anthropic_messages.go:133.2,151.65 3 0
github.com/zealot/managing-up/apps/api/internal/gateway/anthropic_messages.go:151.65,154.3 2 0
github.com/zealot/managing-up/apps/api/internal/gateway/anthropic_messages.go:156.2,156.28 1 0
github.com/zealot/managing-up/apps/api/internal/gateway/anthropic_messages.go:156.28,158.23 2 0
github.com/zealot/managing-up/apps/api/internal/gateway/anthropic_messages.go:158.23,173.4 2 0
github.com/zealot/managing-up/apps/api/internal/gateway/auth.go:27.53,29.2 1 0
github.com/zealot/managing-up/apps/api/internal/gateway/auth.go:31.93,32.71 1 0
github.com/zealot/managing-up/apps/api/internal/gateway/auth.go:32.71,36.28 2 0
github.com/zealot/managing-up/apps/api/internal/gateway/auth.go:36.28,39.4 2 0
github.com/zealot/managing-up/apps/api/internal/gateway/auth.go:42.3,44.19 2 0
github.com/zealot/managing-up/apps/api/internal/gateway/auth.go:44.19,47.4 2 0
github.com/zealot/managing-up/apps/api/internal/gateway/auth.go:50.3,51.23 2 0
github.com/zealot/managing-up/apps/api/internal/gateway/auth.go:51.23,53.38 2 0
github.com/zealot/managing-up/apps/api/internal/gateway/auth.go:53.38,56.5 2 0
github.com/zealot/managing-up/apps/api/internal/gateway/auth.go:57.4,57.65 1 0
github.com/zealot/managing-up/apps/api/internal/gateway/auth.go:61.3,62.40 2 0
github.com/zealot/managing-up/apps/api/internal/gateway/auth.go:68.44,71.60 2 1
github.com/zealot/managing-up/apps/api/internal/gateway/auth.go:71.60,73.3 1 1
github.com/zealot/managing-up/apps/api/internal/gateway/auth.go:76.2,77.61 2 1
github.com/zealot/managing-up/apps/api/internal/gateway/auth.go:77.61,79.3 1 0
github.com/zealot/managing-up/apps/api/internal/gateway/auth.go:81.2,81.11 1 1
github.com/zealot/managing-up/apps/api/internal/gateway/auth.go:85.55,86.60 1 1
github.com/zealot/managing-up/apps/api/internal/gateway/auth.go:86.60,88.3 1 0
github.com/zealot/managing-up/apps/api/internal/gateway/auth.go:89.2,89.11 1 1
github.com/zealot/managing-up/apps/api/internal/gateway/auth.go:92.62,93.69 1 0
github.com/zealot/managing-up/apps/api/internal/gateway/auth.go:93.69,95.3 1 0
github.com/zealot/managing-up/apps/api/internal/gateway/auth.go:96.2,96.12 1 0
github.com/zealot/managing-up/apps/api/internal/gateway/budget.go:76.91,82.2 1 0
github.com/zealot/managing-up/apps/api/internal/gateway/budget.go:85.106,97.16 7 0
github.com/zealot/managing-up/apps/api/internal/gateway/budget.go:97.16,99.3 1 0
github.com/zealot/managing-up/apps/api/internal/gateway/budget.go:101.2,104.37 3 0
github.com/zealot/managing-up/apps/api/internal/gateway/budget.go:108.104,131.16 5 0
github.com/zealot/managing-up/apps/api/internal/gateway/budget.go:131.16,133.3 1 0
github.com/zealot/managing-up/apps/api/internal/gateway/budget.go:136.2,137.23 2 0
github.com/zealot/managing-up/apps/api/internal/gateway/budget.go:141.102,145.22 3 0
github.com/zealot/managing-up/apps/api/internal/gateway/budget.go:145.22,147.3 1 0
github.com/zealot/managing-up/apps/api/internal/gateway/budget.go:148.2,148.16 1 0
github.com/zealot/managing-up/apps/api/internal/gateway/budget.go:148.16,150.3 1 0
github.com/zealot/managing-up/apps/api/internal/gateway/budget.go:152.2,152.39 1 0
github.com/zealot/managing-up/apps/api/internal/gateway/budget.go:156.81,161.2 3 0
github.com/zealot/managing-up/apps/api/internal/gateway/budget.go:167.105,169.2 1 1
github.com/zealot/managing-up/apps/api/internal/gateway/budget.go:172.103,174.2 1 1
github.com/zealot/managing-up/apps/api/internal/gateway/budget.go:177.101,179.2 1 1
github.com/zealot/managing-up/apps/api/internal/gateway/budget.go:182.80,184.2 1 1
github.com/zealot/managing-up/apps/api/internal/gateway/budget.go:187.78,188.71 1 0
github.com/zealot/managing-up/apps/api/internal/gateway/budget.go:188.71,190.23 2 0
github.com/zealot/managing-up/apps/api/internal/gateway/budget.go:190.23,193.4 2 0
github.com/zealot/managing-up/apps/api/internal/gateway/budget.go:195.3,197.17 3 0
github.com/zealot/managing-up/apps/api/internal/gateway/budget.go:197.17,200.4 2 0
github.com/zealot/managing-up/apps/api/internal/gateway/budget.go:202.3,203.15 2 0
github.com/zealot/managing-up/apps/api/internal/gateway/budget.go:203.15,206.4 2 0
github.com/zealot/managing-up/apps/api/internal/gateway/budget.go:209.3,211.40 3 0
github.com/zealot/managing-up/apps/api/internal/gateway/budget.go:224.79,226.9 2 0
github.com/zealot/managing-up/apps/api/internal/gateway/budget.go:226.9,228.3 1 0
github.com/zealot/managing-up/apps/api/internal/gateway/budget.go:229.2,230.9 2 0
github.com/zealot/managing-up/apps/api/internal/gateway/budget.go:230.9,232.3 1 0
github.com/zealot/managing-up/apps/api/internal/gateway/budget.go:233.2,233.30 1 0
github.com/zealot/managing-up/apps/api/internal/gateway/budget.go:237.72,239.27 2 0
github.com/zealot/managing-up/apps/api/internal/gateway/budget.go:239.27,241.3 1 0
github.com/zealot/managing-up/apps/api/internal/gateway/budget.go:242.2,243.12 2 0
github.com/zealot/managing-up/apps/api/internal/gateway/budget.go:246.32,247.63 1 1
github.com/zealot/managing-up/apps/api/internal/gateway/budget.go:247.63,248.65 1 0
github.com/zealot/managing-up/apps/api/internal/gateway/budget.go:248.65,250.4 1 0
github.com/zealot/managing-up/apps/api/internal/gateway/budget.go:252.2,252.18 1 1
github.com/zealot/managing-up/apps/api/internal/gateway/budget.go:257.49,259.25 2 1
github.com/zealot/managing-up/apps/api/internal/gateway/budget.go:259.25,261.28 2 1
github.com/zealot/managing-up/apps/api/internal/gateway/budget.go:261.28,263.4 1 0
github.com/zealot/managing-up/apps/api/internal/gateway/budget.go:264.3,264.19 1 1
github.com/zealot/managing-up/apps/api/internal/gateway/budget.go:266.2,266.12 1 1
github.com/zealot/managing-up/apps/api/internal/gateway/budget.go:269.48,272.2 2 1
github.com/zealot/managing-up/apps/api/internal/gateway/budget.go:274.50,277.2 2 1
github.com/zealot/managing-up/apps/api/internal/gateway/circuit_breaker_redis.go:122.24,133.2 1 0
github.com/zealot/managing-up/apps/api/internal/gateway/circuit_breaker_redis.go:136.60,138.2 1 0
github.com/zealot/managing-up/apps/api/internal/gateway/circuit_breaker_redis.go:141.60,143.2 1 0
github.com/zealot/managing-up/apps/api/internal/gateway/circuit_breaker_redis.go:146.100,148.22 2 0
github.com/zealot/managing-up/apps/api/internal/gateway/circuit_breaker_redis.go:148.22,150.3 1 0
github.com/zealot/managing-up/apps/api/internal/gateway/circuit_breaker_redis.go:151.2,151.16 1 0
github.com/zealot/managing-up/apps/api/internal/gateway/circuit_breaker_redis.go:151.16,153.3 1 0
github.com/zealot/managing-up/apps/api/internal/gateway/circuit_breaker_redis.go:154.2,154.40 1 0
github.com/zealot/managing-up/apps/api/internal/gateway/circuit_breaker_redis.go:160.85,168.16 2 0
github.com/zealot/managing-up/apps/api/internal/gateway/circuit_breaker_redis.go:168.16,170.3 1 0
github.com/zealot/managing-up/apps/api/internal/gateway/circuit_breaker_redis.go:172.2,172.25 1 0
github.com/zealot/managing-up/apps/api/internal/gateway/circuit_breaker_redis.go:177.85,186.2 2 0
github.com/zealot/managing-up/apps/api/internal/gateway/circuit_breaker_redis.go:191.85,200.2 2 0
github.com/zealot/managing-up/apps/api/internal/gateway/circuit_breaker_redis.go:203.77,207.2 3 0
github.com/zealot/managing-up/apps/api/internal/gateway/deps.go:51.52,52.25 1 0
github.com/zealot/managing-up/apps/api/internal/gateway/deps.go:52.25,54.3 1 0
github.com/zealot/managing-up/apps/api/internal/gateway/deps.go:57.48,58.25 1 0
github.com/zealot/managing-up/apps/api/internal/gateway/deps.go:58.25,60.3 1 0
github.com/zealot/managing-up/apps/api/internal/gateway/deps.go:63.60,64.25 1 0
github.com/zealot/managing-up/apps/api/internal/gateway/deps.go:64.25,66.3 1 0
github.com/zealot/managing-up/apps/api/internal/gateway/deps.go:69.37,70.25 1 0
github.com/zealot/managing-up/apps/api/internal/gateway/deps.go:70.25,72.3 1 0
github.com/zealot/managing-up/apps/api/internal/gateway/deps.go:75.48,76.25 1 0
github.com/zealot/managing-up/apps/api/internal/gateway/deps.go:76.25,78.3 1 0
github.com/zealot/managing-up/apps/api/internal/gateway/embeddings.go:35.75,36.33 1 0
github.com/zealot/managing-up/apps/api/internal/gateway/embeddings.go:36.33,39.3 2 0
github.com/zealot/managing-up/apps/api/internal/gateway/embeddings.go:41.2,42.16 2 0
github.com/zealot/managing-up/apps/api/internal/gateway/embeddings.go:42.16,45.3 2 0
github.com/zealot/managing-up/apps/api/internal/gateway/embeddings.go:47.2,48.51 2 0
github.com/zealot/managing-up/apps/api/internal/gateway/embeddings.go:48.51,51.3 2 0
github.com/zealot/managing-up/apps/api/internal/gateway/embeddings.go:53.2,53.21 1 0
github.com/zealot/managing-up/apps/api/internal/gateway/embeddings.go:53.21,56.3 2 0
github.com/zealot/managing-up/apps/api/internal/gateway/embeddings.go:58.2,58.25 1 0
github.com/zealot/managing-up/apps/api/internal/gateway/embeddings.go:58.25,61.3 2 0
github.com/zealot/managing-up/apps/api/internal/gateway/embeddings.go:63.2,64.18 2 0
github.com/zealot/managing-up/apps/api/internal/gateway/embeddings.go:64.18,66.3 1 0
github.com/zealot/managing-up/apps/api/internal/gateway/embeddings.go:67.2,67.18 1 0
github.com/zealot/managing-up/apps/api/internal/gateway/embeddings.go:67.18,70.3 2 0
github.com/zealot/managing-up/apps/api/internal/gateway/embeddings.go:72.2,73.16 2 0
github.com/zealot/managing-up/apps/api/internal/gateway/embeddings.go:73.16,76.3 2 0
github.com/zealot/managing-up/apps/api/internal/gateway/embeddings.go:78.2,79.34 2 0
github.com/zealot/managing-up/apps/api/internal/gateway/embeddings.go:79.34,82.23 3 0
github.com/zealot/managing-up/apps/api/internal/gateway/embeddings.go:82.23,84.4 1 0
github.com/zealot/managing-up/apps/api/internal/gateway/embeddings.go:85.3,85.81 1 0
github.com/zealot/managing-up/apps/api/internal/gateway/embeddings.go:85.81,87.4 1 0
github.com/zealot/managing-up/apps/api/internal/gateway/embeddings.go:90.2,91.16 2 0
github.com/zealot/managing-up/apps/api/internal/gateway/embeddings.go:91.16,94.3 2 0
github.com/zealot/managing-up/apps/api/internal/gateway/embeddings.go:96.2,99.34 3 0
github.com/zealot/managing-up/apps/api/internal/gateway/embeddings.go:99.34,106.3 2 0
github.com/zealot/managing-up/apps/api/internal/gateway/embeddings.go:108.2,119.56 3 0
github.com/zealot/managing-up/apps/api/internal/gateway/embeddings.go:119.56,122.3 2 0
github.com/zealot/managing-up/apps/api/internal/gateway/embeddings.go:124.2,124.28 1 0
github.com/zealot/managing-up/apps/api/internal/gateway/embeddings.go:124.28,126.23 2 0
github.com/zealot/managing-up/apps/api/internal/gateway/embeddings.go:126.23,142.4 3 0
github.com/zealot/managing-up/apps/api/internal/gateway/llm_router.go:37.59,43.2 1 1
github.com/zealot/managing-up/apps/api/internal/gateway/llm_router.go:46.66,52.46 4 1
github.com/zealot/managing-up/apps/api/internal/gateway/llm_router.go:52.46,54.3 1 1
github.com/zealot/managing-up/apps/api/internal/gateway/llm_router.go:58.73,62.27 3 1
github.com/zealot/managing-up/apps/api/internal/gateway/llm_router.go:62.27,64.3 1 0
github.com/zealot/managing-up/apps/api/internal/gateway/llm_router.go:66.2,66.32 1 1
github.com/zealot/managing-up/apps/api/internal/gateway/llm_router.go:66.32,69.28 3 1
github.com/zealot/managing-up/apps/api/internal/gateway/llm_router.go:69.28,72.4 2 1
github.com/zealot/managing-up/apps/api/internal/gateway/llm_router.go:75.2,75.77 1 0
github.com/zealot/managing-up/apps/api/internal/gateway/llm_router.go:79.63,86.41 5 1
github.com/zealot/managing-up/apps/api/internal/gateway/llm_router.go:86.41,88.3 1 1
github.com/zealot/managing-up/apps/api/internal/gateway/llm_router.go:92.63,98.2 4 1
github.com/zealot/managing-up/apps/api/internal/gateway/llm_router.go:101.60,105.39 3 1
github.com/zealot/managing-up/apps/api/internal/gateway/llm_router.go:105.39,107.3 1 1
github.com/zealot/managing-up/apps/api/internal/gateway/llm_router.go:108.2,108.11 1 0
github.com/zealot/managing-up/apps/api/internal/gateway/models.go:24.71,25.32 1 0
github.com/zealot/managing-up/apps/api/internal/gateway/models.go:25.32,28.3 2 0
github.com/zealot/managing-up/apps/api/internal/gateway/models.go:31.2,80.56 4 0
github.com/zealot/managing-up/apps/api/internal/gateway/models.go:80.56,83.3 2 0
github.com/zealot/managing-up/apps/api/internal/gateway/openai_chat.go:56.75,57.33 1 1
github.com/zealot/managing-up/apps/api/internal/gateway/openai_chat.go:57.33,60.3 2 1
github.com/zealot/managing-up/apps/api/internal/gateway/openai_chat.go:63.2,64.16 2 1
github.com/zealot/managing-up/apps/api/internal/gateway/openai_chat.go:64.16,67.3 2 0
github.com/zealot/managing-up/apps/api/internal/gateway/openai_chat.go:70.2,71.51 2 1
github.com/zealot/managing-up/apps/api/internal/gateway/openai_chat.go:71.51,74.3 2 0
github.com/zealot/managing-up/apps/api/internal/gateway/openai_chat.go:77.2,77.21 1 1
github.com/zealot/managing-up/apps/api/internal/gateway/openai_chat.go:77.21,80.3 2 1
github.com/zealot/managing-up/apps/api/internal/gateway/openai_chat.go:83.2,84.18 2 1
github.com/zealot/managing-up/apps/api/internal/gateway/openai_chat.go:84.18,86.3 1 1
github.com/zealot/managing-up/apps/api/internal/gateway/openai_chat.go:87.2,87.18 1 1
github.com/zealot/managing-up/apps/api/internal/gateway/openai_chat.go:87.18,90.3 2 1
github.com/zealot/managing-up/apps/api/internal/gateway/openai_chat.go:93.2,94.16 2 1
github.com/zealot/managing-up/apps/api/internal/gateway/openai_chat.go:94.16,97.3 2 0
github.com/zealot/managing-up/apps/api/internal/gateway/openai_chat.go:100.2,101.35 2 1
github.com/zealot/managing-up/apps/api/internal/gateway/openai_chat.go:101.35,106.3 1 1
github.com/zealot/managing-up/apps/api/internal/gateway/openai_chat.go:109.2,110.28 2 1
github.com/zealot/managing-up/apps/api/internal/gateway/openai_chat.go:110.28,112.3 1 0
github.com/zealot/managing-up/apps/api/internal/gateway/openai_chat.go:113.2,113.26 1 1
github.com/zealot/managing-up/apps/api/internal/gateway/openai_chat.go:113.26,115.3 1 0
github.com/zealot/managing-up/apps/api/internal/gateway/openai_chat.go:117.2,117.16 1 1
github.com/zealot/managing-up/apps/api/internal/gateway/openai_chat.go:117.16,120.3 2 1
github.com/zealot/managing-up/apps/api/internal/gateway/openai_chat.go:122.2,125.21 3 0
github.com/zealot/managing-up/apps/api/internal/gateway/openai_chat.go:125.21,127.3 1 0
github.com/zealot/managing-up/apps/api/internal/gateway/openai_chat.go:127.8,129.35 2 0
github.com/zealot/managing-up/apps/api/internal/gateway/openai_chat.go:129.35,132.24 3 0
github.com/zealot/managing-up/apps/api/internal/gateway/openai_chat.go:132.24,134.5 1 0
github.com/zealot/managing-up/apps/api/internal/gateway/openai_chat.go:135.4,135.82 1 0
github.com/zealot/managing-up/apps/api/internal/gateway/openai_chat.go:135.82,137.5 1 0
github.com/zealot/managing-up/apps/api/internal/gateway/openai_chat.go:140.3,141.23 2 0
github.com/zealot/managing-up/apps/api/internal/gateway/openai_chat.go:141.23,144.4 2 0
github.com/zealot/managing-up/apps/api/internal/gateway/openai_chat.go:146.3,146.94 1 0
github.com/zealot/managing-up/apps/api/internal/gateway/openai_chat.go:149.2,149.16 1 0
github.com/zealot/managing-up/apps/api/internal/gateway/openai_chat.go:149.16,152.3 2 0
github.com/zealot/managing-up/apps/api/internal/gateway/openai_chat.go:155.2,178.60 3 0
github.com/zealot/managing-up/apps/api/internal/gateway/openai_chat.go:178.60,181.3 2 0
github.com/zealot/managing-up/apps/api/internal/gateway/openai_chat.go:183.2,183.28 1 0
github.com/zealot/managing-up/apps/api/internal/gateway/openai_chat.go:183.28,185.23 2 0
github.com/zealot/managing-up/apps/api/internal/gateway/openai_chat.go:185.23,199.4 2 0
github.com/zealot/managing-up/apps/api/internal/gateway/openai_chat.go:204.51,205.56 1 1
github.com/zealot/managing-up/apps/api/internal/gateway/openai_chat.go:205.56,207.3 1 1
github.com/zealot/managing-up/apps/api/internal/gateway/openai_chat.go:208.2,208.11 1 1
github.com/zealot/managing-up/apps/api/internal/gateway/openai_chat.go:212.26,214.2 1 0
github.com/zealot/managing-up/apps/api/internal/gateway/openai_chat.go:216.179,218.34 2 1
github.com/zealot/managing-up/apps/api/internal/gateway/openai_chat.go:218.34,221.23 3 0
github.com/zealot/managing-up/apps/api/internal/gateway/openai_chat.go:221.23,223.4 1 0
github.com/zealot/managing-up/apps/api/internal/gateway/openai_chat.go:224.3,224.81 1 0
github.com/zealot/managing-up/apps/api/internal/gateway/openai_chat.go:224.81,226.4 1 0
github.com/zealot/managing-up/apps/api/internal/gateway/openai_chat.go:229.2,230.16 2 1
github.com/zealot/managing-up/apps/api/internal/gateway/openai_chat.go:230.16,233.3 2 0
github.com/zealot/managing-up/apps/api/internal/gateway/openai_chat.go:235.2,236.16 2 1
github.com/zealot/managing-up/apps/api/internal/gateway/openai_chat.go:236.16,239.3 2 1
github.com/zealot/managing-up/apps/api/internal/gateway/openai_chat.go:241.2,247.9 6 0
github.com/zealot/managing-up/apps/api/internal/gateway/openai_chat.go:247.9,250.3 2 0
github.com/zealot/managing-up/apps/api/internal/gateway/openai_chat.go:252.2,256.6 4 0
github.com/zealot/managing-up/apps/api/internal/gateway/openai_chat.go:256.6,258.17 2 0
github.com/zealot/managing-up/apps/api/internal/gateway/openai_chat.go:258.17,261.9 2 0
github.com/zealot/managing-up/apps/api/internal/gateway/openai_chat.go:264.3,270.17 2 0
github.com/zealot/managing-up/apps/api/internal/gateway/openai_chat.go:270.17,273.26 2 0
github.com/zealot/managing-up/apps/api/internal/gateway/openai_chat.go:273.26,276.5 2 0
github.com/zealot/managing-up/apps/api/internal/gateway/openai_chat.go:278.4,278.30 1 0
github.com/zealot/managing-up/apps/api/internal/gateway/openai_chat.go:278.30,296.5 3 0
github.com/zealot/managing-up/apps/api/internal/gateway/openai_chat.go:298.4,320.9 7 0
github.com/zealot/managing-up/apps/api/internal/gateway/openai_chat.go:323.3,342.18 5 0
github.com/zealot/managing-up/apps/api/internal/gateway/openai_chat.go:345.2,345.28 1 0
github.com/zealot/managing-up/apps/api/internal/gateway/openai_chat.go:345.28,347.23 2 0
github.com/zealot/managing-up/apps/api/internal/gateway/openai_chat.go:347.23,361.4 2 0
github.com/zealot/managing-up/apps/api/internal/gateway/pricing.go:39.13,40.33 1 1
github.com/zealot/managing-up/apps/api/internal/gateway/pricing.go:40.33,42.3 1 1
github.com/zealot/managing-up/apps/api/internal/gateway/pricing.go:45.49,46.44 1 0
github.com/zealot/managing-up/apps/api/internal/gateway/pricing.go:46.44,48.3 1 0
github.com/zealot/managing-up/apps/api/internal/gateway/pricing.go:50.2,50.66 1 0
github.com/zealot/managing-up/apps/api/internal/gateway/pricing.go:50.66,52.3 1 0
github.com/zealot/managing-up/apps/api/internal/gateway/pricing.go:54.2,57.3 1 0
github.com/zealot/managing-up/apps/api/internal/gateway/pricing.go:60.73,65.2 4 0
github.com/zealot/managing-up/apps/api/internal/gateway/provider.go:16.66,17.37 1 0
github.com/zealot/managing-up/apps/api/internal/gateway/provider.go:17.37,20.3 2 0
github.com/zealot/managing-up/apps/api/internal/gateway/provider.go:22.2,22.47 1 0
github.com/zealot/managing-up/apps/api/internal/gateway/provider.go:25.46,26.9 1 0
github.com/zealot/managing-up/apps/api/internal/gateway/provider.go:27.81,28.24 1 0
github.com/zealot/managing-up/apps/api/internal/gateway/provider.go:29.46,30.27 1 0
github.com/zealot/managing-up/apps/api/internal/gateway/provider.go:31.46,32.24 1 0
github.com/zealot/managing-up/apps/api/internal/gateway/provider.go:33.48,34.26 1 0
github.com/zealot/managing-up/apps/api/internal/gateway/provider.go:35.43,36.25 1 0
github.com/zealot/managing-up/apps/api/internal/gateway/provider.go:37.126,38.24 1 0
github.com/zealot/managing-up/apps/api/internal/gateway/provider.go:39.10,40.24 1 0
github.com/zealot/managing-up/apps/api/internal/gateway/ratelimit.go:38.75,46.2 3 0
github.com/zealot/managing-up/apps/api/internal/gateway/ratelimit.go:49.65,51.2 1 0
github.com/zealot/managing-up/apps/api/internal/gateway/ratelimit.go:53.85,60.43 5 0
github.com/zealot/managing-up/apps/api/internal/gateway/ratelimit.go:60.43,66.3 2 0
github.com/zealot/managing-up/apps/api/internal/gateway/ratelimit.go:68.2,68.31 1 0
github.com/zealot/managing-up/apps/api/internal/gateway/ratelimit.go:68.31,70.3 1 0
github.com/zealot/managing-up/apps/api/internal/gateway/ratelimit.go:72.2,73.18 2 0
github.com/zealot/managing-up/apps/api/internal/gateway/ratelimit.go:76.88,83.43 5 0
github.com/zealot/managing-up/apps/api/internal/gateway/ratelimit.go:83.43,85.3 1 0
github.com/zealot/managing-up/apps/api/internal/gateway/ratelimit.go:87.2,88.19 2 0
github.com/zealot/managing-up/apps/api/internal/gateway/ratelimit.go:88.19,90.3 1 0
github.com/zealot/managing-up/apps/api/internal/gateway/ratelimit.go:91.2,91.23 1 0
github.com/zealot/managing-up/apps/api/internal/gateway/ratelimit.go:94.92,99.13 4 0
github.com/zealot/managing-up/apps/api/internal/gateway/ratelimit.go:99.13,101.3 1 0
github.com/zealot/managing-up/apps/api/internal/gateway/ratelimit.go:102.2,102.29 1 0
github.com/zealot/managing-up/apps/api/internal/gateway/ratelimit.go:105.77,111.2 4 0
github.com/zealot/managing-up/apps/api/internal/gateway/ratelimit.go:113.44,115.2 1 0
github.com/zealot/managing-up/apps/api/internal/gateway/ratelimit.go:117.42,121.21 3 0
github.com/zealot/managing-up/apps/api/internal/gateway/ratelimit.go:121.21,124.41 3 0
github.com/zealot/managing-up/apps/api/internal/gateway/ratelimit.go:124.41,125.34 1 0
github.com/zealot/managing-up/apps/api/internal/gateway/ratelimit.go:125.34,127.5 1 0
github.com/zealot/managing-up/apps/api/internal/gateway/ratelimit.go:129.3,129.17 1 0
github.com/zealot/managing-up/apps/api/internal/gateway/ratelimit.go:136.108,138.2 1 0
github.com/zealot/managing-up/apps/api/internal/gateway/ratelimit.go:140.79,141.71 1 0
github.com/zealot/managing-up/apps/api/internal/gateway/ratelimit.go:141.71,143.23 2 0
github.com/zealot/managing-up/apps/api/internal/gateway/ratelimit.go:143.23,146.4 2 0
github.com/zealot/managing-up/apps/api/internal/gateway/ratelimit.go:148.3,150.17 3 0
github.com/zealot/managing-up/apps/api/internal/gateway/ratelimit.go:150.17,153.4 2 0
github.com/zealot/managing-up/apps/api/internal/gateway/ratelimit.go:154.3,154.15 1 0
github.com/zealot/managing-up/apps/api/internal/gateway/ratelimit.go:154.15,162.4 7 0
github.com/zealot/managing-up/apps/api/internal/gateway/ratelimit.go:164.3,168.24 5 0
github.com/zealot/managing-up/apps/api/internal/gateway/ratelimit.go:168.24,170.4 1 0
github.com/zealot/managing-up/apps/api/internal/gateway/ratelimit.go:172.3,172.23 1 0
github.com/zealot/managing-up/apps/api/internal/gateway/ratelimit_redis.go:46.117,54.2 1 0
github.com/zealot/managing-up/apps/api/internal/gateway/ratelimit_redis.go:56.82,61.16 4 0
github.com/zealot/managing-up/apps/api/internal/gateway/ratelimit_redis.go:61.16,63.3 1 0
github.com/zealot/managing-up/apps/api/internal/gateway/ratelimit_redis.go:65.2,65.25 1 0
github.com/zealot/managing-up/apps/api/internal/gateway/ratelimit_redis.go:68.85,72.22 3 0
github.com/zealot/managing-up/apps/api/internal/gateway/ratelimit_redis.go:72.22,74.3 1 0
github.com/zealot/managing-up/apps/api/internal/gateway/ratelimit_redis.go:75.2,75.16 1 0
github.com/zealot/managing-up/apps/api/internal/gateway/ratelimit_redis.go:75.16,77.3 1 0
github.com/zealot/managing-up/apps/api/internal/gateway/ratelimit_redis.go:79.2,80.19 2 0
github.com/zealot/managing-up/apps/api/internal/gateway/ratelimit_redis.go:80.19,82.3 1 0
github.com/zealot/managing-up/apps/api/internal/gateway/ratelimit_redis.go:83.2,83.23 1 0
github.com/zealot/managing-up/apps/api/internal/gateway/ratelimit_redis.go:86.89,90.22 3 0
github.com/zealot/managing-up/apps/api/internal/gateway/ratelimit_redis.go:90.22,92.3 1 0
github.com/zealot/managing-up/apps/api/internal/gateway/ratelimit_redis.go:93.2,93.16 1 0
github.com/zealot/managing-up/apps/api/internal/gateway/ratelimit_redis.go:93.16,95.3 1 0
github.com/zealot/managing-up/apps/api/internal/gateway/ratelimit_redis.go:97.2,97.39 1 0
github.com/zealot/managing-up/apps/api/internal/gateway/ratelimit_redis.go:100.74,105.2 3 0
github.com/zealot/managing-up/apps/api/internal/gateway/ratelimit_redis.go:111.105,113.2 1 0
github.com/zealot/managing-up/apps/api/internal/gateway/ratelimit_redis.go:115.41,117.2 1 0
github.com/zealot/managing-up/apps/api/internal/gateway/retry.go:18.39,24.2 1 0
github.com/zealot/managing-up/apps/api/internal/gateway/retry.go:26.150,29.60 2 0
github.com/zealot/managing-up/apps/api/internal/gateway/retry.go:29.60,30.18 1 0
github.com/zealot/managing-up/apps/api/internal/gateway/retry.go:30.18,32.35 2 0
github.com/zealot/managing-up/apps/api/internal/gateway/retry.go:32.35,34.5 1 0
github.com/zealot/managing-up/apps/api/internal/gateway/retry.go:36.4,43.11 2 0
github.com/zealot/managing-up/apps/api/internal/gateway/retry.go:44.22,45.26 1 0
github.com/zealot/managing-up/apps/api/internal/gateway/retry.go:46.31,46.31 0 0
github.com/zealot/managing-up/apps/api/internal/gateway/retry.go:50.3,51.17 2 0
github.com/zealot/managing-up/apps/api/internal/gateway/retry.go:51.17,53.4 1 0
github.com/zealot/managing-up/apps/api/internal/gateway/retry.go:55.3,62.31 3 0
github.com/zealot/managing-up/apps/api/internal/gateway/retry.go:62.31,68.4 2 0
github.com/zealot/managing-up/apps/api/internal/gateway/retry.go:71.2,75.61 2 0
github.com/zealot/managing-up/apps/api/internal/gateway/retry.go:78.42,88.50 3 1
github.com/zealot/managing-up/apps/api/internal/gateway/retry.go:88.50,89.37 1 1
github.com/zealot/managing-up/apps/api/internal/gateway/retry.go:89.37,91.4 1 0
github.com/zealot/managing-up/apps/api/internal/gateway/retry.go:94.2,94.14 1 1
github.com/zealot/managing-up/apps/api/internal/gateway/retry.go:97.38,99.2 1 1
github.com/zealot/managing-up/apps/api/internal/gateway/retry.go:101.44,102.43 1 1
github.com/zealot/managing-up/apps/api/internal/gateway/retry.go:102.43,103.35 1 1
github.com/zealot/managing-up/apps/api/internal/gateway/retry.go:103.35,105.4 1 0
github.com/zealot/managing-up/apps/api/internal/gateway/retry.go:107.2,107.14 1 1
github.com/zealot/managing-up/apps/api/internal/gateway/retry.go:110.155,113.60 2 1
github.com/zealot/managing-up/apps/api/internal/gateway/retry.go:113.60,114.18 1 1
github.com/zealot/managing-up/apps/api/internal/gateway/retry.go:114.18,116.35 2 1
github.com/zealot/managing-up/apps/api/internal/gateway/retry.go:116.35,118.5 1 0
github.com/zealot/managing-up/apps/api/internal/gateway/retry.go:120.4,125.11 2 1
github.com/zealot/managing-up/apps/api/internal/gateway/retry.go:126.22,127.26 1 0
github.com/zealot/managing-up/apps/api/internal/gateway/retry.go:128.31,128.31 0 1
github.com/zealot/managing-up/apps/api/internal/gateway/retry.go:132.3,133.17 2 1
github.com/zealot/managing-up/apps/api/internal/gateway/retry.go:133.17,138.12 3 0
github.com/zealot/managing-up/apps/api/internal/gateway/retry.go:141.3,142.17 2 1
github.com/zealot/managing-up/apps/api/internal/gateway/retry.go:142.17,145.4 2 1
github.com/zealot/managing-up/apps/api/internal/gateway/retry.go:147.3,155.31 4 1
github.com/zealot/managing-up/apps/api/internal/gateway/retry.go:155.31,157.4 1 0
github.com/zealot/managing-up/apps/api/internal/gateway/retry.go:160.2,160.61 1 1
github.com/zealot/managing-up/apps/api/internal/gateway/router.go:8.75,11.9 2 0
github.com/zealot/managing-up/apps/api/internal/gateway/router.go:12.38,13.27 1 0
github.com/zealot/managing-up/apps/api/internal/gateway/router.go:14.30,15.34 1 0
github.com/zealot/managing-up/apps/api/internal/gateway/router.go:16.32,17.27 1 0
github.com/zealot/managing-up/apps/api/internal/gateway/router.go:18.10,19.70 1 0
github.com/zealot/managing-up/apps/api/internal/gateway/router.go:23.75,25.2 1 0
github.com/zealot/managing-up/apps/api/internal/gateway/router.go:27.82,29.2 1 0
github.com/zealot/managing-up/apps/api/internal/gateway/router.go:40.47,43.27 3 0
github.com/zealot/managing-up/apps/api/internal/gateway/router.go:43.27,45.3 1 0
github.com/zealot/managing-up/apps/api/internal/gateway/router.go:47.2,56.12 4 0
github.com/zealot/managing-up/apps/api/internal/gateway/router.go:59.32,61.2 1 0
github.com/zealot/managing-up/apps/api/internal/gateway/router.go:63.74,75.2 4 1
github.com/zealot/managing-up/apps/api/internal/gateway/tool_gateway.go:37.119,44.2 1 0
github.com/zealot/managing-up/apps/api/internal/gateway/tool_gateway.go:46.88,53.13 5 0
github.com/zealot/managing-up/apps/api/internal/gateway/tool_gateway.go:53.13,59.3 2 0
github.com/zealot/managing-up/apps/api/internal/gateway/tool_gateway.go:61.2,61.21 1 0
github.com/zealot/managing-up/apps/api/internal/gateway/tool_gateway.go:62.28,63.19 1 0
github.com/zealot/managing-up/apps/api/internal/gateway/tool_gateway.go:64.26,65.51 1 0
github.com/zealot/managing-up/apps/api/internal/gateway/tool_gateway.go:65.51,70.4 4 0
github.com/zealot/managing-up/apps/api/internal/gateway/tool_gateway.go:71.3,71.20 1 0
github.com/zealot/managing-up/apps/api/internal/gateway/tool_gateway.go:72.30,73.19 1 0
github.com/zealot/managing-up/apps/api/internal/gateway/tool_gateway.go:75.2,75.19 1 0
github.com/zealot/managing-up/apps/api/internal/gateway/tool_gateway.go:78.88,83.13 4 0
github.com/zealot/managing-up/apps/api/internal/gateway/tool_gateway.go:83.13,85.3 1 0
github.com/zealot/managing-up/apps/api/internal/gateway/tool_gateway.go:87.2,87.43 1 0
github.com/zealot/managing-up/apps/api/internal/gateway/tool_gateway.go:87.43,89.45 2 0
github.com/zealot/managing-up/apps/api/internal/gateway/tool_gateway.go:89.45,94.4 4 0
github.com/zealot/managing-up/apps/api/internal/gateway/tool_gateway.go:96.2,96.12 1 0
github.com/zealot/managing-up/apps/api/internal/gateway/tool_gateway.go:99.88,104.13 4 0
github.com/zealot/managing-up/apps/api/internal/gateway/tool_gateway.go:104.13,111.3 2 0
github.com/zealot/managing-up/apps/api/internal/gateway/tool_gateway.go:113.2,115.43 2 0
github.com/zealot/managing-up/apps/api/internal/gateway/tool_gateway.go:115.43,119.3 3 0
github.com/zealot/managing-up/apps/api/internal/gateway/tool_gateway.go:121.2,121.41 1 0
github.com/zealot/managing-up/apps/api/internal/gateway/tool_gateway.go:121.41,123.44 2 0
github.com/zealot/managing-up/apps/api/internal/gateway/tool_gateway.go:123.44,126.4 2 0
github.com/zealot/managing-up/apps/api/internal/gateway/tool_gateway.go:128.2,128.12 1 0
github.com/zealot/managing-up/apps/api/internal/gateway/tool_gateway.go:131.80,136.2 4 0
github.com/zealot/managing-up/apps/api/internal/gateway/tool_gateway.go:138.103,143.13 4 0
github.com/zealot/managing-up/apps/api/internal/gateway/tool_gateway.go:143.13,145.3 1 0
github.com/zealot/managing-up/apps/api/internal/gateway/tool_gateway.go:146.2,146.25 1 0
github.com/zealot/managing-up/apps/api/internal/gateway/tool_gateway.go:156.36,165.2 1 0
github.com/zealot/managing-up/apps/api/internal/gateway/tool_gateway.go:168.71,173.2 1 0
github.com/zealot/managing-up/apps/api/internal/gateway/tool_gateway.go:176.74,178.16 2 0
github.com/zealot/managing-up/apps/api/internal/gateway/tool_gateway.go:178.16,180.3 1 0
github.com/zealot/managing-up/apps/api/internal/gateway/tool_gateway.go:181.2,181.14 1 0
github.com/zealot/managing-up/apps/api/internal/gateway/tool_gateway.go:181.14,184.3 2 0
github.com/zealot/managing-up/apps/api/internal/gateway/tool_gateway.go:187.2,187.9 1 0
github.com/zealot/managing-up/apps/api/internal/gateway/tool_gateway.go:188.20,190.19 2 0
github.com/zealot/managing-up/apps/api/internal/gateway/tool_gateway.go:191.44,191.44 0 0
github.com/zealot/managing-up/apps/api/internal/gateway/tool_gateway.go:194.2,195.12 2 0
