mode: set
github.com/zealot/managing-up/apps/api/internal/evaluator/embedding_client.go:22.43,24.20 2 1
github.com/zealot/managing-up/apps/api/internal/evaluator/embedding_client.go:24.20,26.3 1 1
github.com/zealot/managing-up/apps/api/internal/evaluator/embedding_client.go:27.2,28.17 2 1
github.com/zealot/managing-up/apps/api/internal/evaluator/embedding_client.go:28.17,30.3 1 1
github.com/zealot/managing-up/apps/api/internal/evaluator/embedding_client.go:31.2,36.3 1 1
github.com/zealot/managing-up/apps/api/internal/evaluator/embedding_client.go:46.81,48.2 1 1
github.com/zealot/managing-up/apps/api/internal/evaluator/embedding_client.go:50.103,57.2 1 1
github.com/zealot/managing-up/apps/api/internal/evaluator/embedding_client.go:59.59,62.2 2 1
github.com/zealot/managing-up/apps/api/internal/evaluator/embedding_client.go:86.106,87.38 1 1
github.com/zealot/managing-up/apps/api/internal/evaluator/embedding_client.go:87.38,89.3 1 1
github.com/zealot/managing-up/apps/api/internal/evaluator/embedding_client.go:91.2,94.20 3 1
github.com/zealot/managing-up/apps/api/internal/evaluator/embedding_client.go:95.16,97.22 2 1
github.com/zealot/managing-up/apps/api/internal/evaluator/embedding_client.go:97.22,99.4 1 0
github.com/zealot/managing-up/apps/api/internal/evaluator/embedding_client.go:100.3,103.4 1 1
github.com/zealot/managing-up/apps/api/internal/evaluator/embedding_client.go:104.10,109.4 2 1
github.com/zealot/managing-up/apps/api/internal/evaluator/embedding_client.go:112.2,113.16 2 1
github.com/zealot/managing-up/apps/api/internal/evaluator/embedding_client.go:113.16,115.3 1 0
github.com/zealot/managing-up/apps/api/internal/evaluator/embedding_client.go:117.2,118.16 2 1
github.com/zealot/managing-up/apps/api/internal/evaluator/embedding_client.go:118.16,120.3 1 0
github.com/zealot/managing-up/apps/api/internal/evaluator/embedding_client.go:121.2,122.20 2 1
github.com/zealot/managing-up/apps/api/internal/evaluator/embedding_client.go:122.20,124.3 1 1
github.com/zealot/managing-up/apps/api/internal/evaluator/embedding_client.go:126.2,128.16 3 1
github.com/zealot/managing-up/apps/api/internal/evaluator/embedding_client.go:128.16,130.3 1 0
github.com/zealot/managing-up/apps/api/internal/evaluator/embedding_client.go:131.2,133.38 2 1
github.com/zealot/managing-up/apps/api/internal/evaluator/embedding_client.go:133.38,135.3 1 1
github.com/zealot/managing-up/apps/api/internal/evaluator/embedding_client.go:137.2,137.20 1 1
github.com/zealot/managing-up/apps/api/internal/evaluator/embedding_client.go:138.16,140.69 2 1
github.com/zealot/managing-up/apps/api/internal/evaluator/embedding_client.go:140.69,142.4 1 0
github.com/zealot/managing-up/apps/api/internal/evaluator/embedding_client.go:143.3,143.45 1 1
github.com/zealot/managing-up/apps/api/internal/evaluator/embedding_client.go:144.10,146.69 2 1
github.com/zealot/managing-up/apps/api/internal/evaluator/embedding_client.go:146.69,148.4 1 0
github.com/zealot/managing-up/apps/api/internal/evaluator/embedding_client.go:149.3,150.34 2 1
github.com/zealot/managing-up/apps/api/internal/evaluator/embedding_client.go:150.34,152.4 1 1
github.com/zealot/managing-up/apps/api/internal/evaluator/embedding_client.go:153.3,153.21 1 1
github.com/zealot/managing-up/apps/api/internal/evaluator/judge_prompts.go:117.50,120.2 2 1
github.com/zealot/managing-up/apps/api/internal/evaluator/judge_prompts.go:123.86,125.9 2 1
github.com/zealot/managing-up/apps/api/internal/evaluator/judge_prompts.go:125.9,127.3 1 1
github.com/zealot/managing-up/apps/api/internal/evaluator/judge_prompts.go:130.2,135.22 5 1
github.com/zealot/managing-up/apps/api/internal/evaluator/judge_prompts.go:139.81,147.2 1 0
github.com/zealot/managing-up/apps/api/internal/evaluator/judge_prompts.go:150.59,151.89 1 0
github.com/zealot/managing-up/apps/api/internal/evaluator/judge_prompts.go:151.89,153.3 1 0
github.com/zealot/managing-up/apps/api/internal/evaluator/judge_prompts.go:157.72,158.89 1 0
github.com/zealot/managing-up/apps/api/internal/evaluator/judge_prompts.go:158.89,160.3 1 0
github.com/zealot/managing-up/apps/api/internal/evaluator/judge_prompts.go:164.64,165.89 1 0
github.com/zealot/managing-up/apps/api/internal/evaluator/judge_prompts.go:165.89,167.3 1 0
github.com/zealot/managing-up/apps/api/internal/evaluator/judge_prompts.go:171.66,172.89 1 0
github.com/zealot/managing-up/apps/api/internal/evaluator/judge_prompts.go:172.89,174.3 1 0
github.com/zealot/managing-up/apps/api/internal/evaluator/judge_prompts.go:178.57,179.89 1 0
github.com/zealot/managing-up/apps/api/internal/evaluator/judge_prompts.go:179.89,181.3 1 0
github.com/zealot/managing-up/apps/api/internal/evaluator/judge_prompts.go:185.131,193.16 5 0
github.com/zealot/managing-up/apps/api/internal/evaluator/judge_prompts.go:193.16,195.3 1 0
github.com/zealot/managing-up/apps/api/internal/evaluator/judge_prompts.go:198.2,204.16 3 0
github.com/zealot/managing-up/apps/api/internal/evaluator/judge_prompts.go:204.16,206.3 1 0
github.com/zealot/managing-up/apps/api/internal/evaluator/judge_prompts.go:209.2,210.16 2 0
github.com/zealot/managing-up/apps/api/internal/evaluator/judge_prompts.go:210.16,212.3 1 0
github.com/zealot/managing-up/apps/api/internal/evaluator/judge_prompts.go:214.2,214.19 1 0
github.com/zealot/managing-up/apps/api/internal/evaluator/judge_prompts.go:218.62,227.22 4 1
github.com/zealot/managing-up/apps/api/internal/evaluator/judge_prompts.go:227.22,229.3 1 1
github.com/zealot/managing-up/apps/api/internal/evaluator/judge_prompts.go:231.2,232.64 2 1
github.com/zealot/managing-up/apps/api/internal/evaluator/judge_prompts.go:232.64,234.3 1 0
github.com/zealot/managing-up/apps/api/internal/evaluator/judge_prompts.go:237.2,237.15 1 1
github.com/zealot/managing-up/apps/api/internal/evaluator/judge_prompts.go:237.15,239.3 1 1
github.com/zealot/managing-up/apps/api/internal/evaluator/judge_prompts.go:240.2,240.15 1 1
github.com/zealot/managing-up/apps/api/internal/evaluator/judge_prompts.go:240.15,242.3 1 1
github.com/zealot/managing-up/apps/api/internal/evaluator/judge_prompts.go:244.2,244.19 1 1
github.com/zealot/managing-up/apps/api/internal/evaluator/metric.go:11.36,13.31 2 1
github.com/zealot/managing-up/apps/api/internal/evaluator/metric.go:13.31,15.3 1 1
github.com/zealot/managing-up/apps/api/internal/evaluator/metric.go:16.2,16.14 1 1
github.com/zealot/managing-up/apps/api/internal/evaluator/metric.go:31.45,33.2 1 0
github.com/zealot/managing-up/apps/api/internal/evaluator/metric.go:35.113,47.2 3 0
github.com/zealot/managing-up/apps/api/internal/evaluator/metric.go:53.85,55.2 1 0
github.com/zealot/managing-up/apps/api/internal/evaluator/metric.go:57.53,59.2 1 0
github.com/zealot/managing-up/apps/api/internal/evaluator/metric.go:61.121,65.18 3 0
github.com/zealot/managing-up/apps/api/internal/evaluator/metric.go:65.18,67.3 1 0
github.com/zealot/managing-up/apps/api/internal/evaluator/metric.go:69.2,79.8 3 0
github.com/zealot/managing-up/apps/api/internal/evaluator/metric.go:89.111,92.17 3 0
github.com/zealot/managing-up/apps/api/internal/evaluator/metric.go:92.17,94.3 1 0
github.com/zealot/managing-up/apps/api/internal/evaluator/metric.go:95.2,99.3 1 0
github.com/zealot/managing-up/apps/api/internal/evaluator/metric.go:102.54,104.2 1 0
github.com/zealot/managing-up/apps/api/internal/evaluator/metric.go:106.122,109.18 3 0
github.com/zealot/managing-up/apps/api/internal/evaluator/metric.go:109.18,111.3 1 0
github.com/zealot/managing-up/apps/api/internal/evaluator/metric.go:114.2,114.21 1 0
github.com/zealot/managing-up/apps/api/internal/evaluator/metric.go:114.21,124.3 2 0
github.com/zealot/managing-up/apps/api/internal/evaluator/metric.go:127.2,128.16 2 0
github.com/zealot/managing-up/apps/api/internal/evaluator/metric.go:128.16,130.3 1 0
github.com/zealot/managing-up/apps/api/internal/evaluator/metric.go:131.2,132.16 2 0
github.com/zealot/managing-up/apps/api/internal/evaluator/metric.go:132.16,134.3 1 0
github.com/zealot/managing-up/apps/api/internal/evaluator/metric.go:136.2,144.8 2 0
github.com/zealot/managing-up/apps/api/internal/evaluator/metric.go:147.106,148.21 1 0
github.com/zealot/managing-up/apps/api/internal/evaluator/metric.go:148.21,150.3 1 0
github.com/zealot/managing-up/apps/api/internal/evaluator/metric.go:152.2,153.37 2 0
github.com/zealot/managing-up/apps/api/internal/evaluator/metric.go:153.37,155.3 1 0
github.com/zealot/managing-up/apps/api/internal/evaluator/metric.go:156.2,156.24 1 0
github.com/zealot/managing-up/apps/api/internal/evaluator/metric.go:163.76,165.2 1 0
github.com/zealot/managing-up/apps/api/internal/evaluator/metric.go:167.45,169.2 1 0
github.com/zealot/managing-up/apps/api/internal/evaluator/metric.go:171.113,173.16 2 0
github.com/zealot/managing-up/apps/api/internal/evaluator/metric.go:173.16,175.3 1 0
github.com/zealot/managing-up/apps/api/internal/evaluator/metric.go:176.2,176.83 1 0
github.com/zealot/managing-up/apps/api/internal/evaluator/metric.go:185.48,189.2 1 0
github.com/zealot/managing-up/apps/api/internal/evaluator/metric.go:191.65,193.2 1 0
github.com/zealot/managing-up/apps/api/internal/evaluator/metric.go:195.70,198.2 2 0
github.com/zealot/managing-up/apps/api/internal/evaluator/metric.go:200.54,202.33 2 0
github.com/zealot/managing-up/apps/api/internal/evaluator/metric.go:202.33,204.3 1 0
github.com/zealot/managing-up/apps/api/internal/evaluator/metric.go:205.2,205.19 1 0
github.com/zealot/managing-up/apps/api/internal/evaluator/metric.go:212.63,214.2 1 0
github.com/zealot/managing-up/apps/api/internal/evaluator/metric.go:216.68,218.9 2 0
github.com/zealot/managing-up/apps/api/internal/evaluator/metric.go:218.9,220.3 1 0
github.com/zealot/managing-up/apps/api/internal/evaluator/metric.go:221.2,221.18 1 0
github.com/zealot/managing-up/apps/api/internal/evaluator/metric.go:224.155,227.16 3 0
github.com/zealot/managing-up/apps/api/internal/evaluator/metric.go:227.16,229.3 1 0
github.com/zealot/managing-up/apps/api/internal/evaluator/metric.go:231.2,232.40 2 0
github.com/zealot/managing-up/apps/api/internal/evaluator/metric.go:232.40,234.10 2 0
github.com/zealot/managing-up/apps/api/internal/evaluator/metric.go:234.10,235.12 1 0
github.com/zealot/managing-up/apps/api/internal/evaluator/metric.go:237.3,238.17 2 0
github.com/zealot/managing-up/apps/api/internal/evaluator/metric.go:238.17,239.12 1 0
github.com/zealot/managing-up/apps/api/internal/evaluator/metric.go:241.3,241.35 1 0
github.com/zealot/managing-up/apps/api/internal/evaluator/metric.go:244.2,244.37 1 0
github.com/zealot/managing-up/apps/api/internal/evaluator/metric.go:247.34,248.7 1 0
github.com/zealot/managing-up/apps/api/internal/evaluator/metric.go:248.7,250.3 1 0
github.com/zealot/managing-up/apps/api/internal/evaluator/metric.go:251.2,251.12 1 0
github.com/zealot/managing-up/apps/api/internal/evaluator/metric.go:254.47,255.32 1 0
github.com/zealot/managing-up/apps/api/internal/evaluator/metric.go:255.32,257.3 1 0
github.com/zealot/managing-up/apps/api/internal/evaluator/metric.go:258.2,258.22 1 0
github.com/zealot/managing-up/apps/api/internal/evaluator/metric.go:258.22,260.3 1 0
github.com/zealot/managing-up/apps/api/internal/evaluator/metric.go:261.2,262.19 2 0
github.com/zealot/managing-up/apps/api/internal/evaluator/metric.go:262.19,266.3 3 0
github.com/zealot/managing-up/apps/api/internal/evaluator/metric.go:267.2,267.30 1 0
github.com/zealot/managing-up/apps/api/internal/evaluator/metric.go:267.30,269.3 1 0
github.com/zealot/managing-up/apps/api/internal/evaluator/metric.go:270.2,270.52 1 0
github.com/zealot/managing-up/apps/api/internal/evaluator/metric.go:273.55,274.14 1 0
github.com/zealot/managing-up/apps/api/internal/evaluator/metric.go:274.14,276.3 1 0
github.com/zealot/managing-up/apps/api/internal/evaluator/metric.go:277.2,277.26 1 0
github.com/zealot/managing-up/apps/api/internal/evaluator/metric.go:277.26,279.3 1 0
github.com/zealot/managing-up/apps/api/internal/evaluator/metric.go:281.2,284.42 3 0
github.com/zealot/managing-up/apps/api/internal/evaluator/metric.go:284.42,286.3 1 0
github.com/zealot/managing-up/apps/api/internal/evaluator/metric.go:288.2,289.24 2 0
github.com/zealot/managing-up/apps/api/internal/evaluator/metric.go:289.24,290.16 1 0
github.com/zealot/managing-up/apps/api/internal/evaluator/metric.go:290.16,292.4 1 0
github.com/zealot/managing-up/apps/api/internal/evaluator/metric.go:295.2,298.70 3 0
github.com/zealot/managing-up/apps/api/internal/evaluator/metric.go:301.40,304.22 3 0
github.com/zealot/managing-up/apps/api/internal/evaluator/metric.go:304.22,305.65 1 0
github.com/zealot/managing-up/apps/api/internal/evaluator/metric.go:305.65,306.21 1 0
github.com/zealot/managing-up/apps/api/internal/evaluator/metric.go:306.21,309.5 2 0
github.com/zealot/managing-up/apps/api/internal/evaluator/metric.go:310.9,312.4 1 0
github.com/zealot/managing-up/apps/api/internal/evaluator/metric.go:314.2,314.19 1 0
github.com/zealot/managing-up/apps/api/internal/evaluator/metric.go:314.19,316.3 1 0
github.com/zealot/managing-up/apps/api/internal/evaluator/metric.go:317.2,317.14 1 0
github.com/zealot/managing-up/apps/api/internal/evaluator/runner.go:68.21,76.21 6 0
github.com/zealot/managing-up/apps/api/internal/evaluator/runner.go:76.21,78.49 2 0
github.com/zealot/managing-up/apps/api/internal/evaluator/runner.go:78.49,80.4 1 0
github.com/zealot/managing-up/apps/api/internal/evaluator/runner.go:83.2,93.3 1 0
github.com/zealot/managing-up/apps/api/internal/evaluator/runner.go:96.73,98.2 1 0
github.com/zealot/managing-up/apps/api/internal/evaluator/runner.go:100.97,101.27 1 0
github.com/zealot/managing-up/apps/api/internal/evaluator/runner.go:101.27,103.3 1 0
github.com/zealot/managing-up/apps/api/internal/evaluator/runner.go:104.2,111.33 2 0
github.com/zealot/managing-up/apps/api/internal/evaluator/runner.go:114.126,116.9 2 0
github.com/zealot/managing-up/apps/api/internal/evaluator/runner.go:116.9,118.3 1 0
github.com/zealot/managing-up/apps/api/internal/evaluator/runner.go:120.2,130.16 3 0
github.com/zealot/managing-up/apps/api/internal/evaluator/runner.go:130.16,132.3 1 0
github.com/zealot/managing-up/apps/api/internal/evaluator/runner.go:134.2,173.39 2 0
github.com/zealot/managing-up/apps/api/internal/evaluator/runner.go:173.39,175.38 2 0
github.com/zealot/managing-up/apps/api/internal/evaluator/runner.go:175.38,180.5 1 0
github.com/zealot/managing-up/apps/api/internal/evaluator/runner.go:181.4,181.17 1 0
github.com/zealot/managing-up/apps/api/internal/evaluator/runner.go:184.2,185.16 2 0
github.com/zealot/managing-up/apps/api/internal/evaluator/runner.go:185.16,191.3 5 0
github.com/zealot/managing-up/apps/api/internal/evaluator/runner.go:194.2,205.23 3 0
github.com/zealot/managing-up/apps/api/internal/evaluator/runner.go:206.30,207.28 1 0
github.com/zealot/managing-up/apps/api/internal/evaluator/runner.go:208.27,209.25 1 0
github.com/zealot/managing-up/apps/api/internal/evaluator/runner.go:210.28,211.26 1 0
github.com/zealot/managing-up/apps/api/internal/evaluator/runner.go:212.37,213.37 1 0
github.com/zealot/managing-up/apps/api/internal/evaluator/runner.go:214.10,215.30 1 0
github.com/zealot/managing-up/apps/api/internal/evaluator/runner.go:218.2,221.36 2 0
github.com/zealot/managing-up/apps/api/internal/evaluator/runner.go:221.36,222.23 1 0
github.com/zealot/managing-up/apps/api/internal/evaluator/runner.go:222.23,228.4 1 0
github.com/zealot/managing-up/apps/api/internal/evaluator/runner.go:231.2,236.18 2 0
github.com/zealot/managing-up/apps/api/internal/evaluator/runner.go:239.122,241.9 2 0
github.com/zealot/managing-up/apps/api/internal/evaluator/runner.go:241.9,243.3 1 0
github.com/zealot/managing-up/apps/api/internal/evaluator/runner.go:245.2,246.9 2 0
github.com/zealot/managing-up/apps/api/internal/evaluator/runner.go:246.9,248.3 1 0
github.com/zealot/managing-up/apps/api/internal/evaluator/runner.go:250.2,251.9 2 0
github.com/zealot/managing-up/apps/api/internal/evaluator/runner.go:251.9,253.3 1 0
github.com/zealot/managing-up/apps/api/internal/evaluator/runner.go:255.2,256.9 2 0
github.com/zealot/managing-up/apps/api/internal/evaluator/runner.go:256.9,258.3 1 0
github.com/zealot/managing-up/apps/api/internal/evaluator/runner.go:260.2,261.36 2 0
github.com/zealot/managing-up/apps/api/internal/evaluator/runner.go:261.36,263.30 2 0
github.com/zealot/managing-up/apps/api/internal/evaluator/runner.go:263.30,264.64 1 0
github.com/zealot/managing-up/apps/api/internal/evaluator/runner.go:264.64,266.10 2 0
github.com/zealot/managing-up/apps/api/internal/evaluator/runner.go:269.3,269.12 1 0
github.com/zealot/managing-up/apps/api/internal/evaluator/runner.go:269.12,271.9 2 0
github.com/zealot/managing-up/apps/api/internal/evaluator/runner.go:274.2,274.20 1 0
github.com/zealot/managing-up/apps/api/internal/evaluator/runner.go:274.20,276.3 1 0
github.com/zealot/managing-up/apps/api/internal/evaluator/runner.go:277.2,278.16 2 0
github.com/zealot/managing-up/apps/api/internal/evaluator/runner.go:278.16,280.3 1 0
github.com/zealot/managing-up/apps/api/internal/evaluator/runner.go:282.2,296.58 3 0
github.com/zealot/managing-up/apps/api/internal/evaluator/runner.go:296.58,298.3 1 0
github.com/zealot/managing-up/apps/api/internal/evaluator/runner.go:300.2,300.18 1 0
github.com/zealot/managing-up/apps/api/internal/evaluator/runner.go:304.58,306.16 2 0
github.com/zealot/managing-up/apps/api/internal/evaluator/runner.go:306.16,308.3 1 0
github.com/zealot/managing-up/apps/api/internal/evaluator/runner.go:310.2,312.36 2 0
github.com/zealot/managing-up/apps/api/internal/evaluator/runner.go:312.36,314.3 1 0
github.com/zealot/managing-up/apps/api/internal/evaluator/runner.go:316.2,317.16 2 0
github.com/zealot/managing-up/apps/api/internal/evaluator/runner.go:317.16,319.3 1 0
github.com/zealot/managing-up/apps/api/internal/evaluator/runner.go:320.2,320.20 1 0
github.com/zealot/managing-up/apps/api/internal/evaluator/runner.go:324.100,326.16 2 0
github.com/zealot/managing-up/apps/api/internal/evaluator/runner.go:326.16,328.3 1 0
github.com/zealot/managing-up/apps/api/internal/evaluator/runner.go:331.2,343.16 5 0
github.com/zealot/managing-up/apps/api/internal/evaluator/runner.go:343.16,345.3 1 0
github.com/zealot/managing-up/apps/api/internal/evaluator/runner.go:347.2,353.20 2 0
github.com/zealot/managing-up/apps/api/internal/evaluator/runner.go:357.66,360.26 2 0
github.com/zealot/managing-up/apps/api/internal/evaluator/runner.go:360.26,362.3 1 0
github.com/zealot/managing-up/apps/api/internal/evaluator/runner.go:363.2,368.29 3 0
github.com/zealot/managing-up/apps/api/internal/evaluator/runner.go:368.29,369.37 1 0
github.com/zealot/managing-up/apps/api/internal/evaluator/runner.go:369.37,370.63 1 0
github.com/zealot/managing-up/apps/api/internal/evaluator/runner.go:370.63,372.10 2 0
github.com/zealot/managing-up/apps/api/internal/evaluator/runner.go:374.4,374.14 1 0
github.com/zealot/managing-up/apps/api/internal/evaluator/runner.go:374.14,376.5 1 0
github.com/zealot/managing-up/apps/api/internal/evaluator/runner.go:380.2,381.15 2 0
github.com/zealot/managing-up/apps/api/internal/evaluator/runner.go:384.39,385.21 1 0
github.com/zealot/managing-up/apps/api/internal/evaluator/runner.go:385.21,387.3 1 0
github.com/zealot/managing-up/apps/api/internal/evaluator/runner.go:388.2,389.30 2 0
github.com/zealot/managing-up/apps/api/internal/evaluator/runner.go:389.30,391.3 1 0
github.com/zealot/managing-up/apps/api/internal/evaluator/runner.go:392.2,392.15 1 0
