mode: set
github.com/zealot/managing-up/apps/api/internal/gateway/anthropic_messages.go:46.82,47.33 1 0
github.com/zealot/managing-up/apps/api/internal/gateway/anthropic_messages.go:47.33,50.3 2 0
github.com/zealot/managing-up/apps/api/internal/gateway/anthropic_messages.go:52.2,53.28 2 0
github.com/zealot/managing-up/apps/api/internal/gateway/anthropic_messages.go:53.28,56.3 2 0
github.com/zealot/managing-up/apps/api/internal/gateway/anthropic_messages.go:58.2,59.16 2 0
github.com/zealot/managing-up/apps/api/internal/gateway/anthropic_messages.go:59.16,62.3 2 0
github.com/zealot/managing-up/apps/api/internal/gateway/anthropic_messages.go:64.2,65.51 2 0
github.com/zealot/managing-up/apps/api/internal/gateway/anthropic_messages.go:65.51,68.3 2 0
github.com/zealot/managing-up/apps/api/internal/gateway/anthropic_messages.go:70.2,70.21 1 0
github.com/zealot/managing-up/apps/api/internal/gateway/anthropic_messages.go:70.21,73.3 2 0
github.com/zealot/managing-up/apps/api/internal/gateway/anthropic_messages.go:75.2,75.24 1 0
github.com/zealot/managing-up/apps/api/internal/gateway/anthropic_messages.go:75.24,78.3 2 0
github.com/zealot/managing-up/apps/api/internal/gateway/anthropic_messages.go:80.2,81.18 2 0
github.com/zealot/managing-up/apps/api/internal/gateway/anthropic_messages.go:81.18,83.3 1 0
github.com/zealot/managing-up/apps/api/internal/gateway/anthropic_messages.go:84.2,84.18 1 0
github.com/zealot/managing-up/apps/api/internal/gateway/anthropic_messages.go:84.18,87.3 2 0
github.com/zealot/managing-up/apps/api/internal/gateway/anthropic_messages.go:89.2,90.16 2 0
github.com/zealot/managing-up/apps/api/internal/gateway/anthropic_messages.go:90.16,93.3 2 0
github.com/zealot/managing-up/apps/api/internal/gateway/anthropic_messages.go:95.2,96.35 2 0
github.com/zealot/managing-up/apps/api/internal/gateway/anthropic_messages.go:96.35,101.3 1 0
github.com/zealot/managing-up/apps/api/internal/gateway/anthropic_messages.go:103.2,104.28 2 0
github.com/zealot/managing-up/apps/api/internal/gateway/anthropic_messages.go:104.28,106.3 1 0
github.com/zealot/managing-up/apps/api/internal/gateway/anthropic_messages.go:107.2,110.34 3 0
github.com/zealot/managing-up/apps/api/internal/gateway/anthropic_messages.go:110.34,113.23 3 0
github.com/zealot/managing-up/apps/api/internal/gateway/anthropic_messages.go:113.23,115.4 1 0
github.com/zealot/managing-up/apps/api/internal/gateway/anthropic_messages.go:116.3,116.81 1 0
github.com/zealot/managing-up/apps/api/internal/gateway/anthropic_messages.go:116.81,118.4 1 0
github.com/zealot/managing-up/apps/api/internal/gateway/anthropic_messages.go:121.2,122.16 2 0
github.com/zealot/managing-up/apps/api/internal/gateway/anthropic_messages.go:122.16,125.3 2 0
github.com/zealot/managing-up/apps/api/internal/gateway/anthropic_messages.go:127.2,128.16 2 0
github.com/zealot/managing-up/apps/api/internal/gateway/anthropic_messages.go:128.16,131.3 2 0
github.com/zealot/managing-up/apps/api/internal/gateway/anthropic_messages.go:133.2,151.65 3 0
github.com/zealot/managing-up/apps/api/internal/gateway/anthropic_messages.go:151.65,154.3 2 0
github.com/zealot/managing-up/apps/api/internal/gateway/anthropic_messages.go:156.2,156.28 1 0
github.com/zealot/managing-up/apps/api/internal/gateway/anthropic_messages.go:156.28,158.23 2 0
github.com/zealot/managing-up/apps/api/internal/gateway/anthropic_messages.go:158.23,173.4 2 0
github.com/zealot/managing-up/apps/api/internal/gateway/auth.go:27.53,29.2 1 0
github.com/zealot/managing-up/apps/api/internal/gateway/auth.go:31.93,32.71 1 0
github.com/zealot/managing-up/apps/api/internal/gateway/auth.go:32.71,36.28 2 0
github.com/zealot/managing-up/apps/api/internal/gateway/auth.go:36.28,39.4 2 0
github.com/zealot/managing-up/apps/api/internal/gateway/auth.go:42.3,44.19 2 0
github.com/zealot/managing-up/apps/api/internal/gateway/auth.go:44.19,47.4 2 0
github.com/zealot/managing-up/apps/api/internal/gateway/auth.go:50.3,51.23 2 0
github.com/zealot/managing-up/apps/api/internal/gateway/auth.go:51.23,53.38 2 0
github.com/zealot/managing-up/apps/api/internal/gateway/auth.go:53.38,56.5 2 0
github.com/zealot/managing-up/apps/api/internal/gateway/auth.go:57.4,57.65 1 0
github.com/zealot/managing-up/apps/api/internal/gateway/auth.go:61.3,62.40 2 0
github.com/zealot/managing-up/apps/api/internal/gateway/auth.go:68.44,71.60 2 1
github.com/zealot/managing-up/apps/api/internal/gateway/auth.go:71.60,73.3 1 1
github.com/zealot/managing-up/apps/api/internal/gateway/auth.go:76.2,77.61 2 1
github.com/zealot/managing-up/apps/api/internal/gateway/auth.go:77.61,79.3 1 0
github.com/zealot/managing-up/apps/api/internal/gateway/auth.go:81.2,81.11 1 1
github.com/zealot/managing-up/apps/api/internal/gateway/auth.go:85.55,86.60 1 1
github.com/zealot/managing-up/apps/api/internal/gateway/auth.go:86.60,88.3 1 0
github.com/zealot/managing-up/apps/api/internal/gateway/auth.go:89.2,89.11 1 1
github.com/zealot/managing-up/apps/api/internal/gateway/auth.go:92.62,93.69 1 0
github.com/zealot/managing-up/apps/api/internal/gateway/auth.go:93.69,95.3 1 0
github.com/zealot/managing-up/apps/api/internal/gateway/auth.go:96.2,96.12 1 0
github.com/zealot/managing-up/apps/api/internal/gateway/budget.go:76.91,82.2 1 0
github.com/zealot/managing-up/apps/api/internal/gateway/budget.go:85.106,97.16 7 0
github.com/zealot/managing-up/apps/api/internal/gateway/budget.go:97.16,99.3 1 0
github.com/zealot/managing-up/apps/api/internal/gateway/budget.go:101.2,104.37 3 0
github.com/zealot/managing-up/apps/api/internal/gateway/budget.go:108.104,131.16 5 0
github.com/zealot/managing-up/apps/api/internal/gateway/budget.go:131.16,133.3 1 0
github.com/zealot/managing-up/apps/api/internal/gateway/budget.go:136.2,137.23 2 0
github.com/zealot/managing-up/apps/api/internal/gateway/budget.go:141.102,145.22 3 0
github.com/zealot/managing-up/apps/api/internal/gateway/budget.go:145.22,147.3 1 0
github.com/zealot/managing-up/apps/api/internal/gateway/budget.go:148.2,148.16 1 0
github.com/zealot/managing-up/apps/api/internal/gateway/budget.go:148.16,150.3 1 0
github.com/zealot/managing-up/apps/api/internal/gateway/budget.go:152.2,152.39 1 0
github.com/zealot/managing-up/apps/api/internal/gateway/budget.go:156.81,161.2 3 0
github.com/zealot/managing-up/apps/api/internal/gateway/budget.go:167.105,169.2 1 1
github.com/zealot/managing-up/apps/api/internal/gateway/budget.go:172.103,174.2 1 1
github.com/zealot/managing-up/apps/api/internal/gateway/budget.go:177.101,179.2 1 1
github.com/zealot/managing-up/apps/api/internal/gateway/budget.go:182.80,184.2 1 1
github.com/zealot/managing-up/apps/api/internal/gateway/budget.go:187.78,188.71 1 0
github.com/zealot/managing-up/apps/api/internal/gateway/budget.go:188.71,190.23 2 0
github.com/zealot/managing-up/apps/api/internal/gateway/budget.go:190.23,193.4 2 0
github.com/zealot/managing-up/apps/api/internal/gateway/budget.go:195.3,197.17 3 0
github.com/zealot/managing-up/apps/api/internal/gateway/budget.go:197.17,200.4 2 0
github.com/zealot/managing-up/apps/api/internal/gateway/budget.go:202.3,203.15 2 0
github.com/zealot/managing-up/apps/api/internal/gateway/budget.go:203.15,206.4 2 0
github.com/zealot/managing-up/apps/api/internal/gateway/budget.go:209.3,211.40 3 0
github.com/zealot/managing-up/apps/api/internal/gateway/budget.go:224.79,226.9 2 0
github.com/zealot/managing-up/apps/api/internal/gateway/budget.go:226.9,228.3 1 0
github.com/zealot/managing-up/apps/api/internal/gateway/budget.go:229.2,230.9 2 0
github.com/zealot/managing-up/apps/api/internal/gateway/budget.go:230.9,232.3 1 0
github.com/zealot/managing-up/apps/api/internal/gateway/budget.go:233.2,233.30 1 0
github.com/zealot/managing-up/apps/api/internal/gateway/budget.go:237.72,239.27 2 0
github.com/zealot/managing-up/apps/api/internal/gateway/budget.go:239.27,241.3 1 0
github.com/zealot/managing-up/apps/api/internal/gateway/budget.go:242.2,243.12 2 0
github.com/zealot/managing-up/apps/api/internal/gateway/budget.go:246.32,247.63 1 1
github.com/zealot/managing-up/apps/api/internal/gateway/budget.go:247.63,248.65 1 0
github.com/zealot/managing-up/apps/api/internal/gateway/budget.go:248.65,250.4 1 0
github.com/zealot/managing-up/apps/api/internal/gateway/budget.go:252.2,252.18 1 1
github.com/zealot/managing-up/apps/api/internal/gateway/budget.go:257.49,259.25 2 1
github.com/zealot/managing-up/apps/api/internal/gateway/budget.go:259.25,261.28 2 1
github.com/zealot/managing-up/apps/api/internal/gateway/budget.go:261.28,263.4 1 0
github.com/zealot/managing-up/apps/api/internal/gateway/budget.go:264.3,264.19 1 1
github.com/zealot/managing-up/apps/api/internal/gateway/budget.go:266.2,266.12 1 1
github.com/zealot/managing-up/apps/api/internal/gateway/budget.go:269.48,272.2 2 1
github.com/zealot/managing-up/apps/api/internal/gateway/budget.go:274.50,277.2 2 1
github.com/zealot/managing-up/apps/api/internal/gateway/circuit_breaker_redis.go:122.24,133.2 1 0
github.com/zealot/managing-up/apps/api/internal/gateway/circuit_breaker_redis.go:136.60,138.2 1 0
github.com/zealot/managing-up/apps/api/internal/gateway/circuit_breaker_redis.go:141.60,143.2 1 0
github.com/zealot/managing-up/apps/api/internal/gateway/circuit_breaker_redis.go:146.100,148.22 2 0
github.com/zealot/managing-up/apps/api/internal/gateway/circuit_breaker_redis.go:148.22,150.3 1 0
github.com/zealot/managing-up/apps/api/internal/gateway/circuit_breaker_redis.go:151.2,151.16 1 0
github.com/zealot/managing-up/apps/api/internal/gateway/circuit_breaker_redis.go:151.16,153.3 1 0
github.com/zealot/managing-up/apps/api/internal/gateway/circuit_breaker_redis.go:154.2,154.40 1 0
github.com/zealot/managing-up/apps/api/internal/gateway/circuit_breaker_redis.go:160.85,168.16 2 0
github.com/zealot/managing-up/apps/api/internal/gateway/circuit_breaker_redis.go:168.16,170.3 1 0
github.com/zealot/managing-up/apps/api/internal/gateway/circuit_breaker_redis.go:172.2,172.25 1 0
github.com/zealot/managing-up/apps/api/internal/gateway/circuit_breaker_redis.go:177.85,186.2 2 0
github.com/zealot/managing-up/apps/api/internal/gateway/circuit_breaker_redis.go:191.85,200.2 2 0
github.com/zealot/managing-up/apps/api/internal/gateway/circuit_breaker_redis.go:203.77,207.2 3 0
github.com/zealot/managing-up/apps/api/internal/gateway/deps.go:51.52,52.25 1 0
github.com/zealot/managing-up/apps/api/internal/gateway/deps.go:52.25,54.3 1 0
github.com/zealot/managing-up/apps/api/internal/gateway/deps.go:57.48,58.25 1 0
github.com/zealot/managing-up/apps/api/internal/gateway/deps.go:58.25,60.3 1 0
github.com/zealot/managing-up/apps/api/internal/gateway/deps.go:63.60,64.25 1 0
github.com/zealot/managing-up/apps/api/internal/gateway/deps.go:64.25,66.3 1 0
github.com/zealot/managing-up/apps/api/internal/gateway/deps.go:69.37,70.25 1 0
github.com/zealot/managing-up/apps/api/internal/gateway/deps.go:70.25,72.3 1 0
github.com/zealot/managing-up/apps/api/internal/gateway/deps.go:75.48,76.25 1 0
github.com/zealot/managing-up/apps/api/internal/gateway/deps.go:76.25,78.3 1 0
github.com/zealot/managing-up/apps/api/internal/gateway/embeddings.go:35.75,36.33 1 0
github.com/zealot/managing-up/apps/api/internal/gateway/embeddings.go:36.33,39.3 2 0
github.com/zealot/managing-up/apps/api/internal/gateway/embeddings.go:41.2,42.16 2 0
github.com/zealot/managing-up/apps/api/internal/gateway/embeddings.go:42.16,45.3 2 0
github.com/zealot/managing-up/apps/api/internal/gateway/embeddings.go:47.2,48.51 2 0
github.com/zealot/managing-up/apps/api/internal/gateway/embeddings.go:48.51,51.3 2 0
github.com/zealot/managing-up/apps/api/internal/gateway/embeddings.go:53.2,53.21 1 0
github.com/zealot/managing-up/apps/api/internal/gateway/embeddings.go:53.21,56.3 2 0
github.com/zealot/managing-up/apps/api/internal/gateway/embeddings.go:58.2,58.25 1 0
github.com/zealot/managing-up/apps/api/internal/gateway/embeddings.go:58.25,61.3 2 0
github.com/zealot/managing-up/apps/api/internal/gateway/embeddings.go:63.2,64.18 2 0
github.com/zealot/managing-up/apps/api/internal/gateway/embeddings.go:64.18,66.3 1 0
github.com/zealot/managing-up/apps/api/internal/gateway/embeddings.go:67.2,67.18 1 0
github.com/zealot/managing-up/apps/api/internal/gateway/embeddings.go:67.18,70.3 2 0
github.com/zealot/managing-up/apps/api/internal/gateway/embeddings.go:72.2,73.16 2 0
github.com/zealot/managing-up/apps/api/internal/gateway/embeddings.go:73.16,76.3 2 0
github.com/zealot/managing-up/apps/api/internal/gateway/embeddings.go:78.2,79.34 2 0
github.com/zealot/managing-up/apps/api/internal/gateway/embeddings.go:79.34,82.23 3 0
github.com/zealot/managing-up/apps/api/internal/gateway/embeddings.go:82.23,84.4 1 0
github.com/zealot/managing-up/apps/api/internal/gateway/embeddings.go:85.3,85.81 1 0
github.com/zealot/managing-up/apps/api/internal/gateway/embeddings.go:85.81,87.4 1 0
github.com/zealot/managing-up/apps/api/internal/gateway/embeddings.go:90.2,91.16 2 0
github.com/zealot/managing-up/apps/api/internal/gateway/embeddings.go:91.16,94.3 2 0
github.com/zealot/managing-up/apps/api/internal/gateway/embeddings.go:96.2,99.34 3 0
github.com/zealot/managing-up/apps/api/internal/gateway/embeddings.go:99.34,106.3 2 0
github.com/zealot/managing-up/apps/api/internal/gateway/embeddings.go:108.2,119.56 3 0
github.com/zealot/managing-up/apps/api/internal/gateway/embeddings.go:119.56,122.3 2 0
github.com/zealot/managing-up/apps/api/internal/gateway/embeddings.go:124.2,124.28 1 0
github.com/zealot/managing-up/apps/api/internal/gateway/embeddings.go:124.28,126.23 2 0
github.com/zealot/managing-up/apps/api/internal/gateway/embeddings.go:126.23,142.4 3 0
github.com/zealot/managing-up/apps/api/internal/gateway/llm_router.go:37.59,43.2 1 1
github.com/zealot/managing-up/apps/api/internal/gateway/llm_router.go:46.66,52.46 4 1
github.com/zealot/managing-up/apps/api/internal/gateway/llm_router.go:52.46,54.3 1 1
github.com/zealot/managing-up/apps/api/internal/gateway/llm_router.go:58.73,62.27 3 1
github.com/zealot/managing-up/apps/api/internal/gateway/llm_router.go:62.27,64.3 1 0
github.com/zealot/managing-up/apps/api/internal/gateway/llm_router.go:66.2,66.32 1 1
github.com/zealot/managing-up/apps/api/internal/gateway/llm_router.go:66.32,69.28 3 1
github.com/zealot/managing-up/apps/api/internal/gateway/llm_router.go:69.28,72.4 2 1
github.com/zealot/managing-up/apps/api/internal/gateway/llm_router.go:75.2,75.77 1 0
github.com/zealot/managing-up/apps/api/internal/gateway/llm_router.go:79.63,86.41 5 1
github.com/zealot/managing-up/apps/api/internal/gateway/llm_router.go:86.41,88.3 1 1
github.com/zealot/managing-up/apps/api/internal/gateway/llm_router.go:92.63,98.2 4 1
github.com/zealot/managing-up/apps/api/internal/gateway/llm_router.go:101.60,105.39 3 1
github.com/zealot/managing-up/apps/api/internal/gateway/llm_router.go:105.39,107.3 1 1
github.com/zealot/managing-up/apps/api/internal/gateway/llm_router.go:108.2,108.11 1 0
github.com/zealot/managing-up/apps/api/internal/gateway/models.go:24.71,25.32 1 0
github.com/zealot/managing-up/apps/api/internal/gateway/models.go:25.32,28.3 2 0
github.com/zealot/managing-up/apps/api/internal/gateway/models.go:31.2,80.56 4 0
github.com/zealot/managing-up/apps/api/internal/gateway/models.go:80.56,83.3 2 0
github.com/zealot/managing-up/apps/api/internal/gateway/openai_chat.go:56.75,57.33 1 1
github.com/zealot/managing-up/apps/api/internal/gateway/openai_chat.go:57.33,60.3 2 1
github.com/zealot/managing-up/apps/api/internal/gateway/openai_chat.go:63.2,64.16 2 1
github.com/zealot/managing-up/apps/api/internal/gateway/openai_chat.go:64.16,67.3 2 0
github.com/zealot/managing-up/apps/api/internal/gateway/openai_chat.go:70.2,71.51 2 1
github.com/zealot/managing-up/apps/api/internal/gateway/openai_chat.go:71.51,74.3 2 0
github.com/zealot/managing-up/apps/api/internal/gateway/openai_chat.go:77.2,77.21 1 1
github.com/zealot/managing-up/apps/api/internal/gateway/openai_chat.go:77.21,80.3 2 1
github.com/zealot/managing-up/apps/api/internal/gateway/openai_chat.go:83.2,84.18 2 1
github.com/zealot/managing-up/apps/api/internal/gateway/openai_chat.go:84.18,86.3 1 1
github.com/zealot/managing-up/apps/api/internal/gateway/openai_chat.go:87.2,87.18 1 1
github.com/zealot/managing-up/apps/api/internal/gateway/openai_chat.go:87.18,90.3 2 1
github.com/zealot/managing-up/apps/api/internal/gateway/openai_chat.go:93.2,94.16 2 1
github.com/zealot/managing-up/apps/api/internal/gateway/openai_chat.go:94.16,97.3 2 0
github.com/zealot/managing-up/apps/api/internal/gateway/openai_chat.go:100.2,101.35 2 1
github.com/zealot/managing-up/apps/api/internal/gateway/openai_chat.go:101.35,106.3 1 1
github.com/zealot/managing-up/apps/api/internal/gateway/openai_chat.go:109.2,110.28 2 1
github.com/zealot/managing-up/apps/api/internal/gateway/openai_chat.go:110.28,112.3 1 0
github.com/zealot/managing-up/apps/api/internal/gateway/openai_chat.go:113.2,113.26 1 1
github.com/zealot/managing-up/apps/api/internal/gateway/openai_chat.go:113.26,115.3 1 0
github.com/zealot/managing-up/apps/api/internal/gateway/openai_chat.go:117.2,117.16 1 1
github.com/zealot/managing-up/apps/api/internal/gateway/openai_chat.go:117.16,120.3 2 1
github.com/zealot/managing-up/apps/api/internal/gateway/openai_chat.go:122.2,125.21 3 0
github.com/zealot/managing-up/apps/api/internal/gateway/openai_chat.go:125.21,127.3 1 0
github.com/zealot/managing-up/apps/api/internal/gateway/openai_chat.go:127.8,129.35 2 0
github.com/zealot/managing-up/apps/api/internal/gateway/openai_chat.go:129.35,132.24 3 0
github.com/zealot/managing-up/apps/api/internal/gateway/openai_chat.go:132.24,134.5 1 0
github.com/zealot/managing-up/apps/api/internal/gateway/openai_chat.go:135.4,135.82 1 0
github.com/zealot/managing-up/apps/api/internal/gateway/openai_chat.go:135.82,137.5 1 0
github.com/zealot/managing-up/apps/api/internal/gateway/openai_chat.go:140.3,141.23 2 0
github.com/zealot/managing-up/apps/api/internal/gateway/openai_chat.go:141.23,144.4 2 0
github.com/zealot/managing-up/apps/api/internal/gateway/openai_chat.go:146.3,146.94 1 0
github.com/zealot/managing-up/apps/api/internal/gateway/openai_chat.go:149.2,149.16 1 0
github.com/zealot/managing-up/apps/api/internal/gateway/openai_chat.go:149.16,152.3 2 0
github.com/zealot/managing-up/apps/api/internal/gateway/openai_chat.go:155.2,178.60 3 0
github.com/zealot/managing-up/apps/api/internal/gateway/openai_chat.go:178.60,181.3 2 0
github.com/zealot/managing-up/apps/api/internal/gateway/openai_chat.go:183.2,183.28 1 0
github.com/zealot/managing-up/apps/api/internal/gateway/openai_chat.go:183.28,185.23 2 0
github.com/zealot/managing-up/apps/api/internal/gateway/openai_chat.go:185.23,199.4 2 0
github.com/zealot/managing-up/apps/api/internal/gateway/openai_chat.go:204.51,205.56 1 1
github.com/zealot/managing-up/apps/api/internal/gateway/openai_chat.go:205.56,207.3 1 1
github.com/zealot/managing-up/apps/api/internal/gateway/openai_chat.go:208.2,208.11 1 1
github.com/zealot/managing-up/apps/api/internal/gateway/openai_chat.go:212.26,214.2 1 0
github.com/zealot/managing-up/apps/api/internal/gateway/openai_chat.go:216.179,218.34 2 1
github.com/zealot/managing-up/apps/api/internal/gateway/openai_chat.go:218.34,221.23 3 0
github.com/zealot/managing-up/apps/api/internal/gateway/openai_chat.go:221.23,223.4 1 0
github.com/zealot/managing-up/apps/api/internal/gateway/openai_chat.go:224.3,224.81 1 0
github.com/zealot/managing-up/apps/api/internal/gateway/openai_chat.go:224.81,226.4 1 0
github.com/zealot/managing-up/apps/api/internal/gateway/openai_chat.go:229.2,230.16 2 1
github.com/zealot/managing-up/apps/api/internal/gateway/openai_chat.go:230.16,233.3 2 0
github.com/zealot/managing-up/apps/api/internal/gateway/openai_chat.go:235.2,236.16 2 1
github.com/zealot/managing-up/apps/api/internal/gateway/openai_chat.go:236.16,239.3 2 1
github.com/zealot/managing-up/apps/api/internal/gateway/openai_chat.go:241.2,247.9 6 0
github.com/zealot/managing-up/apps/api/internal/gateway/openai_chat.go:247.9,250.3 2 0
github.com/zealot/managing-up/apps/api/internal/gateway/openai_chat.go:252.2,256.6 4 0
github.com/zealot/managing-up/apps/api/internal/gateway/openai_chat.go:256.6,258.17 2 0
github.com/zealot/managing-up/apps/api/internal/gateway/openai_chat.go:258.17,261.9 2 0
github.com/zealot/managing-up/apps/api/internal/gateway/openai_chat.go:264.3,270.17 2 0
github.com/zealot/managing-up/apps/api/internal/gateway/openai_chat.go:270.17,273.26 2 0
github.com/zealot/managing-up/apps/api/internal/gateway/openai_chat.go:273.26,276.5 2 0
github.com/zealot/managing-up/apps/api/internal/gateway/openai_chat.go:278.4,278.30 1 0
github.com/zealot/managing-up/apps/api/internal/gateway/openai_chat.go:278.30,296.5 3 0
github.com/zealot/managing-up/apps/api/internal/gateway/openai_chat.go:298.4,320.9 7 0
github.com/zealot/managing-up/apps/api/internal/gateway/openai_chat.go:323.3,342.18 5 0
github.com/zealot/managing-up/apps/api/internal/gateway/openai_chat.go:345.2,345.28 1 0
github.com/zealot/managing-up/apps/api/internal/gateway/openai_chat.go:345.28,347.23 2 0
github.com/zealot/managing-up/apps/api/internal/gateway/openai_chat.go:347.23,361.4 2 0
github.com/zealot/managing-up/apps/api/internal/gateway/pricing.go:39.13,40.33 1 1
github.com/zealot/managing-up/apps/api/internal/gateway/pricing.go:40.33,42.3 1 1
github.com/zealot/managing-up/apps/api/internal/gateway/pricing.go:45.49,46.44 1 1
github.com/zealot/managing-up/apps/api/internal/gateway/pricing.go:46.44,48.3 1 1
github.com/zealot/managing-up/apps/api/internal/gateway/pricing.go:50.2,50.66 1 1
github.com/zealot/managing-up/apps/api/internal/gateway/pricing.go:50.66,52.3 1 1
github.com/zealot/managing-up/apps/api/internal/gateway/pricing.go:54.2,57.3 1 1
github.com/zealot/managing-up/apps/api/internal/gateway/pricing.go:60.73,65.2 4 1
github.com/zealot/managing-up/apps/api/internal/gateway/provider.go:16.66,17.37 1 0
github.com/zealot/managing-up/apps/api/internal/gateway/provider.go:17.37,20.3 2 0
github.com/zealot/managing-up/apps/api/internal/gateway/provider.go:22.2,22.47 1 0
github.com/zealot/managing-up/apps/api/internal/gateway/provider.go:25.46,26.9 1 0
github.com/zealot/managing-up/apps/api/internal/gateway/provider.go:27.81,28.24 1 0
github.com/zealot/managing-up/apps/api/internal/gateway/provider.go:29.46,30.27 1 0
github.com/zealot/managing-up/apps/api/internal/gateway/provider.go:31.46,32.24 1 0
github.com/zealot/managing-up/apps/api/internal/gateway/provider.go:33.48,34.26 1 0
github.com/zealot/managing-up/apps/api/internal/gateway/provider.go:35.43,36.25 1 0
github.com/zealot/managing-up/apps/api/internal/gateway/provider.go:37.126,38.24 1 0
github.com/zealot/managing-up/apps/api/internal/gateway/provider.go:39.10,40.24 1 0
github.com/zealot/managing-up/apps/api/internal/gateway/ratelimit.go:38.75,46.2 3 0
github.com/zealot/managing-up/apps/api/internal/gateway/ratelimit.go:49.65,51.2 1 0
github.com/zealot/managing-up/apps/api/internal/gateway/ratelimit.go:53.85,60.43 5 0
github.com/zealot/managing-up/apps/api/internal/gateway/ratelimit.go:60.43,66.3 2 0
github.com/zealot/managing-up/apps/api/internal/gateway/ratelimit.go:68.2,68.31 1 0
github.com/zealot/managing-up/apps/api/internal/gateway/ratelimit.go:68.31,70.3 1 0
github.com/zealot/managing-up/apps/api/internal/gateway/ratelimit.go:72.2,73.18 2 0
github.com/zealot/managing-up/apps/api/internal/gateway/ratelimit.go:76.88,83.43 5 0
github.com/zealot/managing-up/apps/api/internal/gateway/ratelimit.go:83.43,85.3 1 0
github.com/zealot/managing-up/apps/api/internal/gateway/ratelimit.go:87.2,88.19 2 0
github.com/zealot/managing-up/apps/api/internal/gateway/ratelimit.go:88.19,90.3 1 0
github.com/zealot/managing-up/apps/api/internal/gateway/ratelimit.go:91.2,91.23 1 0
github.com/zealot/managing-up/apps/api/internal/gateway/ratelimit.go:94.92,99.13 4 0
github.com/zealot/managing-up/apps/api/internal/gateway/ratelimit.go:99.13,101.3 1 0
github.com/zealot/managing-up/apps/api/internal/gateway/ratelimit.go:102.2,102.29 1 0
github.com/zealot/managing-up/apps/api/internal/gateway/ratelimit.go:105.77,111.2 4 0
github.com/zealot/managing-up/apps/api/internal/gateway/ratelimit.go:113.44,115.2 1 0
github.com/zealot/managing-up/apps/api/internal/gateway/ratelimit.go:117.42,121.21 3 0
github.com/zealot/managing-up/apps/api/internal/gateway/ratelimit.go:121.21,124.41 3 0
github.com/zealot/managing-up/apps/api/internal/gateway/ratelimit.go:124.41,125.34 1 0
github.com/zealot/managing-up/apps/api/internal/gateway/ratelimit.go:125.34,127.5 1 0
github.com/zealot/managing-up/apps/api/internal/gateway/ratelimit.go:129.3,129.17 1 0
github.com/zealot/managing-up/apps/api/internal/gateway/ratelimit.go:136.108,138.2 1 0
github.com/zealot/managing-up/apps/api/internal/gateway/ratelimit.go:140.79,141.71 1 0
github.com/zealot/managing-up/apps/api/internal/gateway/ratelimit.go:141.71,143.23 2 0
github.com/zealot/managing-up/apps/api/internal/gateway/ratelimit.go:143.23,146.4 2 0
github.com/zealot/managing-up/apps/api/internal/gateway/ratelimit.go:148.3,150.17 3 0
github.com/zealot/managing-up/apps/api/internal/gateway/ratelimit.go:150.17,153.4 2 0
github.com/zealot/managing-up/apps/api/internal/gateway/ratelimit.go:154.3,154.15 1 0
github.com/zealot/managing-up/apps/api/internal/gateway/ratelimit.go:154.15,162.4 7 0
github.com/zealot/managing-up/apps/api/internal/gateway/ratelimit.go:164.3,168.24 5 0
github.com/zealot/managing-up/apps/api/internal/gateway/ratelimit.go:168.24,170.4 1 0
github.com/zealot/managing-up/apps/api/internal/gateway/ratelimit.go:172.3,172.23 1 0
github.com/zealot/managing-up/apps/api/internal/gateway/ratelimit_redis.go:46.117,54.2 1 0
github.com/zealot/managing-up/apps/api/internal/gateway/ratelimit_redis.go:56.82,61.16 4 0
github.com/zealot/managing-up/apps/api/internal/gateway/ratelimit_redis.go:61.16,63.3 1 0
github.com/zealot/managing-up/apps/api/internal/gateway/ratelimit_redis.go:65.2,65.25 1 0
github.com/zealot/managing-up/apps/api/internal/gateway/ratelimit_redis.go:68.85,72.22 3 0
github.com/zealot/managing-up/apps/api/internal/gateway/ratelimit_redis.go:72.22,74.3 1 0
github.com/zealot/managing-up/apps/api/internal/gateway/ratelimit_redis.go:75.2,75.16 1 0
github.com/zealot/managing-up/apps/api/internal/gateway/ratelimit_redis.go:75.16,77.3 1 0
github.com/zealot/managing-up/apps/api/internal/gateway/ratelimit_redis.go:79.2,80.19 2 0
github.com/zealot/managing-up/apps/api/internal/gateway/ratelimit_redis.go:80.19,82.3 1 0
github.com/zealot/managing-up/apps/api/internal/gateway/ratelimit_redis.go:83.2,83.23 1 0
github.com/zealot/managing-up/apps/api/internal/gateway/ratelimit_redis.go:86.89,90.22 3 0
github.com/zealot/managing-up/apps/api/internal/gateway/ratelimit_redis.go:90.22,92.3 1 0
github.com/zealot/managing-up/apps/api/internal/gateway/ratelimit_redis.go:93.2,93.16 1 0
github.com/zealot/managing-up/apps/api/internal/gateway/ratelimit_redis.go:93.16,95.3 1 0
github.com/zealot/managing-up/apps/api/internal/gateway/ratelimit_redis.go:97.2,97.39 1 0
github.com/zealot/managing-up/apps/api/internal/gateway/ratelimit_redis.go:100.74,105.2 3 0
github.com/zealot/managing-up/apps/api/internal/gateway/ratelimit_redis.go:111.105,113.2 1 0
github.com/zealot/managing-up/apps/api/internal/gateway/ratelimit_redis.go:115.41,117.2 1 0
github.com/zealot/managing-up/apps/api/internal/gateway/retry.go:18.39,24.2 1 0
github.com/zealot/managing-up/apps/api/internal/gateway/retry.go:26.150,29.60 2 0
github.com/zealot/managing-up/apps/api/internal/gateway/retry.go:29.60,30.18 1 0
github.com/zealot/managing-up/apps/api/internal/gateway/retry.go:30.18,32.35 2 0
github.com/zealot/managing-up/apps/api/internal/gateway/retry.go:32.35,34.5 1 0
github.com/zealot/managing-up/apps/api/internal/gateway/retry.go:36.4,43.11 2 0
github.com/zealot/managing-up/apps/api/internal/gateway/retry.go:44.22,45.26 1 0
github.com/zealot/managing-up/apps/api/internal/gateway/retry.go:46.31,46.31 0 0
github.com/zealot/managing-up/apps/api/internal/gateway/retry.go:50.3,51.17 2 0
github.com/zealot/managing-up/apps/api/internal/gateway/retry.go:51.17,53.4 1 0
github.com/zealot/managing-up/apps/api/internal/gateway/retry.go:55.3,62.31 3 0
github.com/zealot/managing-up/apps/api/internal/gateway/retry.go:62.31,68.4 2 0
github.com/zealot/managing-up/apps/api/internal/gateway/retry.go:71.2,75.61 2 0
github.com/zealot/managing-up/apps/api/internal/gateway/retry.go:78.42,88.50 3 1
github.com/zealot/managing-up/apps/api/internal/gateway/retry.go:88.50,89.37 1 1
github.com/zealot/managing-up/apps/api/internal/gateway/retry.go:89.37,91.4 1 0
github.com/zealot/managing-up/apps/api/internal/gateway/retry.go:94.2,94.14 1 1
github.com/zealot/managing-up/apps/api/internal/gateway/retry.go:97.38,99.2 1 1
github.com/zealot/managing-up/apps/api/internal/gateway/retry.go:101.44,102.43 1 1
github.com/zealot/managing-up/apps/api/internal/gateway/retry.go:102.43,103.35 1 1
github.com/zealot/managing-up/apps/api/internal/gateway/retry.go:103.35,105.4 1 0
github.com/zealot/managing-up/apps/api/internal/gateway/retry.go:107.2,107.14 1 1
github.com/zealot/managing-up/apps/api/internal/gateway/retry.go:110.155,113.60 2 1
github.com/zealot/managing-up/apps/api/internal/gateway/retry.go:113.60,114.18 1 1
github.com/zealot/managing-up/apps/api/internal/gateway/retry.go:114.18,116.35 2 1
github.com/zealot/managing-up/apps/api/internal/gateway/retry.go:116.35,118.5 1 0
github.com/zealot/managing-up/apps/api/internal/gateway/retry.go:120.4,125.11 2 1
github.com/zealot/managing-up/apps/api/internal/gateway/retry.go:126.22,127.26 1 0
github.com/zealot/managing-up/apps/api/internal/gateway/retry.go:128.31,128.31 0 1
github.com/zealot/managing-up/apps/api/internal/gateway/retry.go:132.3,133.17 2 1
github.com/zealot/managing-up/apps/api/internal/gateway/retry.go:133.17,138.12 3 0
github.com/zealot/managing-up/apps/api/internal/gateway/retry.go:141.3,142.17 2 1
github.com/zealot/managing-up/apps/api/internal/gateway/retry.go:142.17,145.4 2 1
github.com/zealot/managing-up/apps/api/internal/gateway/retry.go:147.3,155.31 4 1
github.com/zealot/managing-up/apps/api/internal/gateway/retry.go:155.31,157.4 1 0
github.com/zealot/managing-up/apps/api/internal/gateway/retry.go:160.2,160.61 1 1
github.com/zealot/managing-up/apps/api/internal/gateway/router.go:8.75,11.9 2 0
github.com/zealot/managing-up/apps/api/internal/gateway/router.go:12.38,13.27 1 0
github.com/zealot/managing-up/apps/api/internal/gateway/router.go:14.30,15.34 1 0
github.com/zealot/managing-up/apps/api/internal/gateway/router.go:16.32,17.27 1 0
github.com/zealot/managing-up/apps/api/internal/gateway/router.go:18.10,19.70 1 0
github.com/zealot/managing-up/apps/api/internal/gateway/router.go:23.75,25.2 1 0
github.com/zealot/managing-up/apps/api/internal/gateway/router.go:27.82,29.2 1 0
github.com/zealot/managing-up/apps/api/internal/gateway/router.go:40.47,43.27 3 0
github.com/zealot/managing-up/apps/api/internal/gateway/router.go:43.27,45.3 1 0
github.com/zealot/managing-up/apps/api/internal/gateway/router.go:47.2,56.12 4 0
github.com/zealot/managing-up/apps/api/internal/gateway/router.go:59.32,61.2 1 0
github.com/zealot/managing-up/apps/api/internal/gateway/router.go:63.74,75.2 4 1
github.com/zealot/managing-up/apps/api/internal/gateway/tool_gateway.go:37.119,44.2 1 0
github.com/zealot/managing-up/apps/api/internal/gateway/tool_gateway.go:46.88,53.13 5 0
github.com/zealot/managing-up/apps/api/internal/gateway/tool_gateway.go:53.13,59.3 2 0
github.com/zealot/managing-up/apps/api/internal/gateway/tool_gateway.go:61.2,61.21 1 0
github.com/zealot/managing-up/apps/api/internal/gateway/tool_gateway.go:62.28,63.19 1 0
github.com/zealot/managing-up/apps/api/internal/gateway/tool_gateway.go:64.26,65.51 1 0
github.com/zealot/managing-up/apps/api/internal/gateway/tool_gateway.go:65.51,70.4 4 0
github.com/zealot/managing-up/apps/api/internal/gateway/tool_gateway.go:71.3,71.20 1 0
github.com/zealot/managing-up/apps/api/internal/gateway/tool_gateway.go:72.30,73.19 1 0
github.com/zealot/managing-up/apps/api/internal/gateway/tool_gateway.go:75.2,75.19 1 0
github.com/zealot/managing-up/apps/api/internal/gateway/tool_gateway.go:78.88,83.13 4 0
github.com/zealot/managing-up/apps/api/internal/gateway/tool_gateway.go:83.13,85.3 1 0
github.com/zealot/managing-up/apps/api/internal/gateway/tool_gateway.go:87.2,87.43 1 0
github.com/zealot/managing-up/apps/api/internal/gateway/tool_gateway.go:87.43,89.45 2 0
github.com/zealot/managing-up/apps/api/internal/gateway/tool_gateway.go:89.45,94.4 4 0
github.com/zealot/managing-up/apps/api/internal/gateway/tool_gateway.go:96.2,96.12 1 0
github.com/zealot/managing-up/apps/api/internal/gateway/tool_gateway.go:99.88,104.13 4 0
github.com/zealot/managing-up/apps/api/internal/gateway/tool_gateway.go:104.13,111.3 2 0
github.com/zealot/managing-up/apps/api/internal/gateway/tool_gateway.go:113.2,115.43 2 0
github.com/zealot/managing-up/apps/api/internal/gateway/tool_gateway.go:115.43,119.3 3 0
github.com/zealot/managing-up/apps/api/internal/gateway/tool_gateway.go:121.2,121.41 1 0
github.com/zealot/managing-up/apps/api/internal/gateway/tool_gateway.go:121.41,123.44 2 0
github.com/zealot/managing-up/apps/api/internal/gateway/tool_gateway.go:123.44,126.4 2 0
github.com/zealot/managing-up/apps/api/internal/gateway/tool_gateway.go:128.2,128.12 1 0
github.com/zealot/managing-up/apps/api/internal/gateway/tool_gateway.go:131.80,136.2 4 0
github.com/zealot/managing-up/apps/api/internal/gateway/tool_gateway.go:138.103,143.13 4 0
github.com/zealot/managing-up/apps/api/internal/gateway/tool_gateway.go:143.13,145.3 1 0
github.com/zealot/managing-up/apps/api/internal/gateway/tool_gateway.go:146.2,146.25 1 0
github.com/zealot/managing-up/apps/api/internal/gateway/tool_gateway.go:156.36,165.2 1 0
github.com/zealot/managing-up/apps/api/internal/gateway/tool_gateway.go:168.71,173.2 1 0
github.com/zealot/managing-up/apps/api/internal/gateway/tool_gateway.go:176.74,178.16 2 0
github.com/zealot/managing-up/apps/api/internal/gateway/tool_gateway.go:178.16,180.3 1 0
github.com/zealot/managing-up/apps/api/internal/gateway/tool_gateway.go:181.2,181.14 1 0
github.com/zealot/managing-up/apps/api/internal/gateway/tool_gateway.go:181.14,184.3 2 0
github.com/zealot/managing-up/apps/api/internal/gateway/tool_gateway.go:187.2,187.9 1 0
github.com/zealot/managing-up/apps/api/internal/gateway/tool_gateway.go:188.20,190.19 2 0
github.com/zealot/managing-up/apps/api/internal/gateway/tool_gateway.go:191.44,191.44 0 0
github.com/zealot/managing-up/apps/api/internal/gateway/tool_gateway.go:194.2,195.12 2 0
